{"meta": {"format": 3, "version": "7.16.0", "timestamp": "2026-09-08T07:57:07.139359", "branch_coverage": false, "show_contexts": false}, "files": {"agent_factory/__init__.py": {"executed_lines": [7, 10, 11, 12, 13, 14, 16], "summary": {"covered_lines": 7, "num_statements": 7, "percent_covered": 100.0, "percent_covered_display": "100", "missing_lines": 0, "excluded_lines": 0, "percent_statements_covered": 100.0, "percent_statements_covered_display": "100"}, "missing_lines": [], "excluded_lines": [], "functions": {"": {"executed_lines": [7, 10, 11, 12, 13, 14, 16], "summary": {"covered_lines": 7, "num_statements": 7, "percent_covered": 100.0, "percent_covered_display": "100", "missing_lines": 0, "excluded_lines": 0, "percent_statements_covered": 100.0, "percent_statements_covered_display": "100"}, "missing_lines": [], "excluded_lines": [], "start_line": 1}}, "classes": {"": {"executed_lines": [7, 10, 11, 12, 13, 14, 16], "summary": {"covered_lines": 7, "num_statements": 7, "percent_covered": 100.0, "percent_covered_display": "100", "missing_lines": 0, "excluded_lines": 0, "percent_statements_covered": 100.0, "percent_statements_covered_display": "100"}, "missing_lines": [], "excluded_lines": [], "start_line": 1}}}, "agent_factory/agents/__init__.py": {"executed_lines": [5, 6, 8], "summary": {"covered_lines": 3, "num_statements": 3, "percent_covered": 100.0, "percent_covered_display": "100", "missing_lines": 0, "excluded_lines": 0, "percent_statements_covered": 100.0, "percent_statements_covered_display": "100"}, "missing_lines": [], "excluded_lines": [], "functions": {"": {"executed_lines": [5, 6, 8], "summary": {"covered_lines": 3, "num_statements": 3, "percent_covered": 100.0, "percent_covered_display": "100", "missing_lines": 0, "excluded_lines": 0, "percent_statements_covered": 100.0, "percent_statements_covered_display": "100"}, "missing_lines": [], "excluded_lines": [], "start_line": 1}}, "classes": {"": {"executed_lines": [5, 6, 8], "summary": {"covered_lines": 3, "num_statements": 3, "percent_covered": 100.0, "percent_covered_display": "100", "missing_lines": 0, "excluded_lines": 0, "percent_statements_covered": 100.0, "percent_statements_covered_display": "100"}, "missing_lines": [], "excluded_lines": [], "start_line": 1}}}, "agent_factory/agents/agent.py": {"executed_lines": [5, 6, 7, 9, 10, 11, 12, 13, 14, 15, 16, 19, 21, 22, 23, 24, 27, 28, 30, 31, 32, 33, 34, 35, 36, 39, 40, 42, 43, 44, 45, 46, 47, 48, 49, 50, 51, 52, 55, 56, 58, 59, 60, 63, 78, 108, 109, 110, 111, 112, 113, 114, 115, 116, 117, 118, 119, 121, 123, 124, 126, 130, 132, 133, 135, 139, 156, 157, 159, 160, 163, 176, 177, 181, 182, 186, 193, 196, 202, 205, 207, 209, 218, 220, 233, 279, 287, 288, 290, 291, 293, 303, 308, 322, 323, 324, 325, 334, 335, 336, 337, 338, 340, 341, 342, 343, 347, 350, 356, 360, 383, 385, 399, 400, 402, 403, 406, 408], "summary": {"covered_lines": 118, "num_statements": 168, "percent_covered": 70.23809523809524, "percent_covered_display": "70", "missing_lines": 50, "excluded_lines": 0, "percent_statements_covered": 70.23809523809524, "percent_statements_covered_display": "70"}, "missing_lines": [128, 137, 164, 165, 166, 172, 173, 178, 183, 197, 198, 199, 203, 222, 223, 224, 230, 231, 235, 237, 238, 240, 242, 245, 247, 248, 249, 250, 251, 252, 253, 257, 258, 260, 262, 266, 267, 270, 271, 273, 274, 275, 277, 304, 306, 348, 357, 358, 377, 404], "excluded_lines": [], "functions": {"Agent.__init__": {"executed_lines": [108, 109, 110, 111, 112, 113, 114, 115, 116, 117, 118, 119], "summary": {"covered_lines": 12, "num_statements": 12, "percent_covered": 100.0, "percent_covered_display": "100", "missing_lines": 0, "excluded_lines": 0, "percent_statements_covered": 100.0, "percent_statements_covered_display": "100"}, "missing_lines": [], "excluded_lines": [], "start_line": 78}, "Agent.add_tool": {"executed_lines": [123, 124], "summary": {"covered_lines": 2, "num_statements": 2, "percent_covered": 100.0, "percent_covered_display": "100", "missing_lines": 0, "excluded_lines": 0, "percent_statements_covered": 100.0, "percent_statements_covered_display": "100"}, "missing_lines": [], "excluded_lines": [], "start_line": 121}, "Agent.remove_tool": {"executed_lines": [], "summary": {"covered_lines": 0, "num_statements": 1, "percent_covered": 0.0, "percent_covered_display": "0", "missing_lines": 1, "excluded_lines": 0, "percent_statements_covered": 0.0, "percent_statements_covered_display": "0"}, "missing_lines": [128], "excluded_lines": [], "start_line": 126}, "Agent.attach_knowledge_pack": {"executed_lines": [132, 133], "summary": {"covered_lines": 2, "num_statements": 2, "percent_covered": 100.0, "percent_covered_display": "100", "missing_lines": 0, "excluded_lines": 0, "percent_statements_covered": 100.0, "percent_statements_covered_display": "100"}, "missing_lines": [], "excluded_lines": [], "start_line": 130}, "Agent.update_instructions": {"executed_lines": [], "summary": {"covered_lines": 0, "num_statements": 1, "percent_covered": 0.0, "percent_covered_display": "0", "missing_lines": 1, "excluded_lines": 0, "percent_statements_covered": 0.0, "percent_statements_covered_display": "0"}, "missing_lines": [137], "excluded_lines": [], "start_line": 135}, "Agent.run": {"executed_lines": [156, 157, 159, 160, 163, 176, 177, 181, 182, 186, 193, 196, 202, 205, 207, 209, 218, 220], "summary": {"covered_lines": 18, "num_statements": 34, "percent_covered": 52.94117647058823, "percent_covered_display": "53", "missing_lines": 16, "excluded_lines": 0, "percent_statements_covered": 52.94117647058823, "percent_statements_covered_display": "53"}, "missing_lines": [164, 165, 166, 172, 173, 178, 183, 197, 198, 199, 203, 222, 223, 224, 230, 231], "excluded_lines": [], "start_line": 139}, "Agent._get_knowledge_context": {"executed_lines": [], "summary": {"covered_lines": 0, "num_statements": 25, "percent_covered": 0.0, "percent_covered_display": "0", "missing_lines": 25, "excluded_lines": 0, "percent_statements_covered": 0.0, "percent_statements_covered_display": "0"}, "missing_lines": [235, 237, 238, 240, 242, 245, 247, 248, 249, 250, 251, 252, 253, 257, 258, 260, 262, 266, 267, 270, 271, 273, 274, 275, 277], "excluded_lines": [], "start_line": 233}, "Agent._log_run": {"executed_lines": [287, 288, 290, 291, 293, 303], "summary": {"covered_lines": 6, "num_statements": 8, "percent_covered": 75.0, "percent_covered_display": "75", "missing_lines": 2, "excluded_lines": 0, "percent_statements_covered": 75.0, "percent_statements_covered_display": "75"}, "missing_lines": [304, 306], "excluded_lines": [], "start_line": 279}, "Agent._execute_agent": {"executed_lines": [322, 323, 324, 325, 334, 335, 336, 337, 338, 340, 341, 342, 343, 347, 350, 356], "summary": {"covered_lines": 16, "num_statements": 19, "percent_covered": 84.21052631578948, "percent_covered_display": "84", "missing_lines": 3, "excluded_lines": 0, "percent_statements_covered": 84.21052631578948, "percent_statements_covered_display": "84"}, "missing_lines": [348, 357, 358], "excluded_lines": [], "start_line": 308}, "Agent.handoff": {"executed_lines": [], "summary": {"covered_lines": 0, "num_statements": 1, "percent_covered": 0.0, "percent_covered_display": "0", "missing_lines": 1, "excluded_lines": 0, "percent_statements_covered": 0.0, "percent_statements_covered_display": "0"}, "missing_lines": [377], "excluded_lines": [], "start_line": 360}, "Agent.to_dict": {"executed_lines": [385], "summary": {"covered_lines": 1, "num_statements": 1, "percent_covered": 100.0, "percent_covered_display": "100", "missing_lines": 0, "excluded_lines": 0, "percent_statements_covered": 100.0, "percent_statements_covered_display": "100"}, "missing_lines": [], "excluded_lines": [], "start_line": 383}, "Agent.from_dict": {"executed_lines": [402, 403, 406, 408], "summary": {"covered_lines": 4, "num_statements": 5, "percent_covered": 80.0, "percent_covered_display": "80", "missing_lines": 1, "excluded_lines": 0, "percent_statements_covered": 80.0, "percent_statements_covered_display": "80"}, "missing_lines": [404], "excluded_lines": [], "start_line": 400}, "": {"executed_lines": [5, 6, 7, 9, 10, 11, 12, 13, 14, 15, 16, 19, 21, 22, 23, 24, 27, 28, 30, 31, 32, 33, 34, 35, 36, 39, 40, 42, 43, 44, 45, 46, 47, 48, 49, 50, 51, 52, 55, 56, 58, 59, 60, 63, 78, 121, 126, 130, 135, 139, 233, 279, 308, 360, 383, 399, 400], "summary": {"covered_lines": 57, "num_statements": 57, "percent_covered": 100.0, "percent_covered_display": "100", "missing_lines": 0, "excluded_lines": 0, "percent_statements_covered": 100.0, "percent_statements_covered_display": "100"}, "missing_lines": [], "excluded_lines": [], "start_line": 1}}, "classes": {"AgentStatus": {"executed_lines": [], "summary": {"covered_lines": 0, "num_statements": 0, "percent_covered": 100.0, "percent_covered_display": "100", "missing_lines": 0, "excluded_lines": 0, "percent_statements_covered": 100.0, "percent_statements_covered_display": "100"}, "missing_lines": [], "excluded_lines": [], "start_line": 19}, "AgentConfig": {"executed_lines": [], "summary": {"covered_lines": 0, "num_statements": 0, "percent_covered": 100.0, "percent_covered_display": "100", "missing_lines": 0, "excluded_lines": 0, "percent_statements_covered": 100.0, "percent_statements_covered_display": "100"}, "missing_lines": [], "excluded_lines": [], "start_line": 28}, "AgentResult": {"executed_lines": [], "summary": {"covered_lines": 0, "num_statements": 0, "percent_covered": 100.0, "percent_covered_display": "100", "missing_lines": 0, "excluded_lines": 0, "percent_statements_covered": 100.0, "percent_statements_covered_display": "100"}, "missing_lines": [], "excluded_lines": [], "start_line": 40}, "Handoff": {"executed_lines": [], "summary": {"covered_lines": 0, "num_statements": 0, "percent_covered": 100.0, "percent_covered_display": "100", "missing_lines": 0, "excluded_lines": 0, "percent_statements_covered": 100.0, "percent_statements_covered_display": "100"}, "missing_lines": [], "excluded_lines": [], "start_line": 56}, "Agent": {"executed_lines": [108, 109, 110, 111, 112, 113, 114, 115, 116, 117, 118, 119, 123, 124, 132, 133, 156, 157, 159, 160, 163, 176, 177, 181, 182, 186, 193, 196, 202, 205, 207, 209, 218, 220, 287, 288, 290, 291, 293, 303, 322, 323, 324, 325, 334, 335, 336, 337, 338, 340, 341, 342, 343, 347, 350, 356, 385, 402, 403, 406, 408], "summary": {"covered_lines": 61, "num_statements": 111, "percent_covered": 54.95495495495496, "percent_covered_display": "55", "missing_lines": 50, "excluded_lines": 0, "percent_statements_covered": 54.95495495495496, "percent_statements_covered_display": "55"}, "missing_lines": [128, 137, 164, 165, 166, 172, 173, 178, 183, 197, 198, 199, 203, 222, 223, 224, 230, 231, 235, 237, 238, 240, 242, 245, 247, 248, 249, 250, 251, 252, 253, 257, 258, 260, 262, 266, 267, 270, 271, 273, 274, 275, 277, 304, 306, 348, 357, 358, 377, 404], "excluded_lines": [], "start_line": 63}, "": {"executed_lines": [5, 6, 7, 9, 10, 11, 12, 13, 14, 15, 16, 19, 21, 22, 23, 24, 27, 28, 30, 31, 32, 33, 34, 35, 36, 39, 40, 42, 43, 44, 45, 46, 47, 48, 49, 50, 51, 52, 55, 56, 58, 59, 60, 63, 78, 121, 126, 130, 135, 139, 233, 279, 308, 360, 383, 399, 400], "summary": {"covered_lines": 57, "num_statements": 57, "percent_covered": 100.0, "percent_covered_display": "100", "missing_lines": 0, "excluded_lines": 0, "percent_statements_covered": 100.0, "percent_statements_covered_display": "100"}, "missing_lines": [], "excluded_lines": [], "start_line": 1}}}, "agent_factory/agents/config.py": {"executed_lines": [5, 7], "summary": {"covered_lines": 2, "num_statements": 2, "percent_covered": 100.0, "percent_covered_display": "100", "missing_lines": 0, "excluded_lines": 0, "percent_statements_covered": 100.0, "percent_statements_covered_display": "100"}, "missing_lines": [], "excluded_lines": [], "functions": {"": {"executed_lines": [5, 7], "summary": {"covered_lines": 2, "num_statements": 2, "percent_covered": 100.0, "percent_covered_display": "100", "missing_lines": 0, "excluded_lines": 0, "percent_statements_covered": 100.0, "percent_statements_covered_display": "100"}, "missing_lines": [], "excluded_lines": [], "start_line": 1}}, "classes": {"": {"executed_lines": [5, 7], "summary": {"covered_lines": 2, "num_statements": 2, "percent_covered": 100.0, "percent_covered_display": "100", "missing_lines": 0, "excluded_lines": 0, "percent_statements_covered": 100.0, "percent_statements_covered_display": "100"}, "missing_lines": [], "excluded_lines": [], "start_line": 1}}}, "agent_factory/api/__init__.py": {"executed_lines": [], "summary": {"covered_lines": 0, "num_statements": 0, "percent_covered": 100.0, "percent_covered_display": "100", "missing_lines": 0, "excluded_lines": 0, "percent_statements_covered": 100.0, "percent_statements_covered_display": "100"}, "missing_lines": [], "excluded_lines": [], "functions": {"": {"executed_lines": [], "summary": {"covered_lines": 0, "num_statements": 0, "percent_covered": 100.0, "percent_covered_display": "100", "missing_lines": 0, "excluded_lines": 0, "percent_statements_covered": 100.0, "percent_statements_covered_display": "100"}, "missing_lines": [], "excluded_lines": [], "start_line": 1}}, "classes": {"": {"executed_lines": [], "summary": {"covered_lines": 0, "num_statements": 0, "percent_covered": 100.0, "percent_covered_display": "100", "missing_lines": 0, "excluded_lines": 0, "percent_statements_covered": 100.0, "percent_statements_covered_display": "100"}, "missing_lines": [], "excluded_lines": [], "start_line": 1}}}, "agent_factory/api/main.py": {"executed_lines": [5, 6, 7, 8, 9, 10, 11, 12, 13, 14, 15, 16, 19, 22, 23, 26, 33, 42, 43, 44, 47, 54, 57, 60, 63, 64, 87, 88, 89, 90, 91, 92, 95, 96, 99, 100, 101, 103, 104, 105, 106, 107, 108, 109, 112, 113, 115, 122, 134, 135, 142, 143, 144, 147, 150, 158, 168, 185, 197, 203, 208, 214, 215, 217, 224, 225, 238, 239, 241, 242, 249, 252, 253, 254, 255, 256, 260, 261, 262, 263, 264, 265, 268, 269, 270, 271, 277, 278, 284, 287, 288, 289, 290, 292, 300, 301, 305, 308, 309, 311, 313, 315, 318, 319, 333, 334, 336], "summary": {"covered_lines": 107, "num_statements": 159, "percent_covered": 67.29559748427673, "percent_covered_display": "67", "missing_lines": 52, "excluded_lines": 0, "percent_statements_covered": 67.29559748427673, "percent_statements_covered_display": "67"}, "missing_lines": [24, 66, 68, 69, 70, 73, 74, 77, 78, 79, 81, 82, 83, 124, 131, 170, 176, 177, 179, 186, 191, 204, 205, 206, 257, 258, 259, 272, 273, 274, 275, 279, 280, 281, 282, 283, 293, 294, 295, 296, 297, 298, 302, 303, 304, 321, 322, 323, 324, 325, 326, 327], "excluded_lines": [], "functions": {"startup_event": {"executed_lines": [], "summary": {"covered_lines": 0, "num_statements": 12, "percent_covered": 0.0, "percent_covered_display": "0", "missing_lines": 12, "excluded_lines": 0, "percent_statements_covered": 0.0, "percent_statements_covered_display": "0"}, "missing_lines": [66, 68, 69, 70, 73, 74, 77, 78, 79, 81, 82, 83], "excluded_lines": [], "start_line": 64}, "logging_middleware": {"executed_lines": [115, 122], "summary": {"covered_lines": 2, "num_statements": 4, "percent_covered": 50.0, "percent_covered_display": "50", "missing_lines": 2, "excluded_lines": 0, "percent_statements_covered": 50.0, "percent_statements_covered_display": "50"}, "missing_lines": [124, 131], "excluded_lines": [], "start_line": 113}, "global_exception_handler": {"executed_lines": [142, 143, 144, 147, 150, 158, 168, 185, 197, 203, 208], "summary": {"covered_lines": 11, "num_statements": 20, "percent_covered": 55.0, "percent_covered_display": "55", "missing_lines": 9, "excluded_lines": 0, "percent_statements_covered": 55.0, "percent_statements_covered_display": "55"}, "missing_lines": [170, 176, 177, 179, 186, 191, 204, 205, 206], "excluded_lines": [], "start_line": 135}, "root": {"executed_lines": [217], "summary": {"covered_lines": 1, "num_statements": 1, "percent_covered": 100.0, "percent_covered_display": "100", "missing_lines": 0, "excluded_lines": 0, "percent_statements_covered": 100.0, "percent_statements_covered_display": "100"}, "missing_lines": [], "excluded_lines": [], "start_line": 215}, "health": {"executed_lines": [238, 239, 241, 242, 249, 252, 253, 254, 255, 256, 260, 261, 262, 263, 264, 265, 268, 269, 270, 271, 277, 278, 284, 287, 288, 289, 290, 292, 300, 301, 305, 308, 309, 311, 313, 315], "summary": {"covered_lines": 36, "num_statements": 57, "percent_covered": 63.1578947368421, "percent_covered_display": "63", "missing_lines": 21, "excluded_lines": 0, "percent_statements_covered": 63.1578947368421, "percent_statements_covered_display": "63"}, "missing_lines": [257, 258, 259, 272, 273, 274, 275, 279, 280, 281, 282, 283, 293, 294, 295, 296, 297, 298, 302, 303, 304], "excluded_lines": [], "start_line": 225}, "readiness": {"executed_lines": [], "summary": {"covered_lines": 0, "num_statements": 7, "percent_covered": 0.0, "percent_covered_display": "0", "missing_lines": 7, "excluded_lines": 0, "percent_statements_covered": 0.0, "percent_statements_covered_display": "0"}, "missing_lines": [321, 322, 323, 324, 325, 326, 327], "excluded_lines": [], "start_line": 319}, "liveness": {"executed_lines": [336], "summary": {"covered_lines": 1, "num_statements": 1, "percent_covered": 100.0, "percent_covered_display": "100", "missing_lines": 0, "excluded_lines": 0, "percent_statements_covered": 100.0, "percent_statements_covered_display": "100"}, "missing_lines": [], "excluded_lines": [], "start_line": 334}, "": {"executed_lines": [5, 6, 7, 8, 9, 10, 11, 12, 13, 14, 15, 16, 19, 22, 23, 26, 33, 42, 43, 44, 47, 54, 57, 60, 63, 64, 87, 88, 89, 90, 91, 92, 95, 96, 99, 100, 101, 103, 104, 105, 106, 107, 108, 109, 112, 113, 134, 135, 214, 215, 224, 225, 318, 319, 333, 334], "summary": {"covered_lines": 56, "num_statements": 57, "percent_covered": 98.24561403508773, "percent_covered_display": "98", "missing_lines": 1, "excluded_lines": 0, "percent_statements_covered": 98.24561403508773, "percent_statements_covered_display": "98"}, "missing_lines": [24], "excluded_lines": [], "start_line": 1}}, "classes": {"": {"executed_lines": [5, 6, 7, 8, 9, 10, 11, 12, 13, 14, 15, 16, 19, 22, 23, 26, 33, 42, 43, 44, 47, 54, 57, 60, 63, 64, 87, 88, 89, 90, 91, 92, 95, 96, 99, 100, 101, 103, 104, 105, 106, 107, 108, 109, 112, 113, 115, 122, 134, 135, 142, 143, 144, 147, 150, 158, 168, 185, 197, 203, 208, 214, 215, 217, 224, 225, 238, 239, 241, 242, 249, 252, 253, 254, 255, 256, 260, 261, 262, 263, 264, 265, 268, 269, 270, 271, 277, 278, 284, 287, 288, 289, 290, 292, 300, 301, 305, 308, 309, 311, 313, 315, 318, 319, 333, 334, 336], "summary": {"covered_lines": 107, "num_statements": 159, "percent_covered": 67.29559748427673, "percent_covered_display": "67", "missing_lines": 52, "excluded_lines": 0, "percent_statements_covered": 67.29559748427673, "percent_statements_covered_display": "67"}, "missing_lines": [24, 66, 68, 69, 70, 73, 74, 77, 78, 79, 81, 82, 83, 124, 131, 170, 176, 177, 179, 186, 191, 204, 205, 206, 257, 258, 259, 272, 273, 274, 275, 279, 280, 281, 282, 283, 293, 294, 295, 296, 297, 298, 302, 303, 304, 321, 322, 323, 324, 325, 326, 327], "excluded_lines": [], "start_line": 1}}}, "agent_factory/api/middleware.py": {"executed_lines": [5, 6, 7, 8, 9, 10, 12, 15, 18, 20, 23, 24, 25, 26, 27, 28, 29, 32, 37, 40, 42, 43, 44, 46, 52, 55, 57, 59], "summary": {"covered_lines": 28, "num_statements": 34, "percent_covered": 82.3529411764706, "percent_covered_display": "82", "missing_lines": 6, "excluded_lines": 0, "percent_statements_covered": 82.3529411764706, "percent_statements_covered_display": "82"}, "missing_lines": [34, 47, 49, 61, 62, 64], "excluded_lines": [], "functions": {"SecurityHeadersMiddleware.dispatch": {"executed_lines": [20, 23, 24, 25, 26, 27, 28, 29, 32], "summary": {"covered_lines": 9, "num_statements": 10, "percent_covered": 90.0, "percent_covered_display": "90", "missing_lines": 1, "excluded_lines": 0, "percent_statements_covered": 90.0, "percent_statements_covered_display": "90"}, "missing_lines": [34], "excluded_lines": [], "start_line": 18}, "RequestIDMiddleware.dispatch": {"executed_lines": [42, 43, 44, 46], "summary": {"covered_lines": 4, "num_statements": 6, "percent_covered": 66.66666666666667, "percent_covered_display": "67", "missing_lines": 2, "excluded_lines": 0, "percent_statements_covered": 66.66666666666667, "percent_statements_covered_display": "67"}, "missing_lines": [47, 49], "excluded_lines": [], "start_line": 40}, "TimingMiddleware.dispatch": {"executed_lines": [57, 59], "summary": {"covered_lines": 2, "num_statements": 5, "percent_covered": 40.0, "percent_covered_display": "40", "missing_lines": 3, "excluded_lines": 0, "percent_statements_covered": 40.0, "percent_statements_covered_display": "40"}, "missing_lines": [61, 62, 64], "excluded_lines": [], "start_line": 55}, "": {"executed_lines": [5, 6, 7, 8, 9, 10, 12, 15, 18, 37, 40, 52, 55], "summary": {"covered_lines": 13, "num_statements": 13, "percent_covered": 100.0, "percent_covered_display": "100", "missing_lines": 0, "excluded_lines": 0, "percent_statements_covered": 100.0, "percent_statements_covered_display": "100"}, "missing_lines": [], "excluded_lines": [], "start_line": 1}}, "classes": {"SecurityHeadersMiddleware": {"executed_lines": [20, 23, 24, 25, 26, 27, 28, 29, 32], "summary": {"covered_lines": 9, "num_statements": 10, "percent_covered": 90.0, "percent_covered_display": "90", "missing_lines": 1, "excluded_lines": 0, "percent_statements_covered": 90.0, "percent_statements_covered_display": "90"}, "missing_lines": [34], "excluded_lines": [], "start_line": 15}, "RequestIDMiddleware": {"executed_lines": [42, 43, 44, 46], "summary": {"covered_lines": 4, "num_statements": 6, "percent_covered": 66.66666666666667, "percent_covered_display": "67", "missing_lines": 2, "excluded_lines": 0, "percent_statements_covered": 66.66666666666667, "percent_statements_covered_display": "67"}, "missing_lines": [47, 49], "excluded_lines": [], "start_line": 37}, "TimingMiddleware": {"executed_lines": [57, 59], "summary": {"covered_lines": 2, "num_statements": 5, "percent_covered": 40.0, "percent_covered_display": "40", "missing_lines": 3, "excluded_lines": 0, "percent_statements_covered": 40.0, "percent_statements_covered_display": "40"}, "missing_lines": [61, 62, 64], "excluded_lines": [], "start_line": 52}, "": {"executed_lines": [5, 6, 7, 8, 9, 10, 12, 15, 18, 37, 40, 52, 55], "summary": {"covered_lines": 13, "num_statements": 13, "percent_covered": 100.0, "percent_covered_display": "100", "missing_lines": 0, "excluded_lines": 0, "percent_statements_covered": 100.0, "percent_statements_covered_display": "100"}, "missing_lines": [], "excluded_lines": [], "start_line": 1}}}, "agent_factory/api/routes/__init__.py": {"executed_lines": [], "summary": {"covered_lines": 0, "num_statements": 0, "percent_covered": 100.0, "percent_covered_display": "100", "missing_lines": 0, "excluded_lines": 0, "percent_statements_covered": 100.0, "percent_statements_covered_display": "100"}, "missing_lines": [], "excluded_lines": [], "functions": {"": {"executed_lines": [], "summary": {"covered_lines": 0, "num_statements": 0, "percent_covered": 100.0, "percent_covered_display": "100", "missing_lines": 0, "excluded_lines": 0, "percent_statements_covered": 100.0, "percent_statements_covered_display": "100"}, "missing_lines": [], "excluded_lines": [], "start_line": 1}}, "classes": {"": {"executed_lines": [], "summary": {"covered_lines": 0, "num_statements": 0, "percent_covered": 100.0, "percent_covered_display": "100", "missing_lines": 0, "excluded_lines": 0, "percent_statements_covered": 100.0, "percent_statements_covered_display": "100"}, "missing_lines": [], "excluded_lines": [], "start_line": 1}}}, "agent_factory/api/routes/agents.py": {"executed_lines": [3, 4, 5, 7, 8, 9, 11, 12, 13, 16, 17, 18, 19, 20, 23, 24, 25, 26, 29, 30, 32, 39, 40, 42, 45, 46, 59, 60, 62, 64, 65, 70, 71, 92, 93], "summary": {"covered_lines": 35, "num_statements": 51, "percent_covered": 68.62745098039215, "percent_covered_display": "69", "missing_lines": 16, "excluded_lines": 0, "percent_statements_covered": 68.62745098039215, "percent_statements_covered_display": "69"}, "missing_lines": [48, 49, 51, 52, 53, 54, 56, 67, 73, 75, 76, 78, 84, 95, 96, 98], "excluded_lines": [], "functions": {"create_agent": {"executed_lines": [32, 39, 40, 42], "summary": {"covered_lines": 4, "num_statements": 4, "percent_covered": 100.0, "percent_covered_display": "100", "missing_lines": 0, "excluded_lines": 0, "percent_statements_covered": 100.0, "percent_statements_covered_display": "100"}, "missing_lines": [], "excluded_lines": [], "start_line": 30}, "list_agents": {"executed_lines": [], "summary": {"covered_lines": 0, "num_statements": 7, "percent_covered": 0.0, "percent_covered_display": "0", "missing_lines": 7, "excluded_lines": 0, "percent_statements_covered": 0.0, "percent_statements_covered_display": "0"}, "missing_lines": [48, 49, 51, 52, 53, 54, 56], "excluded_lines": [], "start_line": 46}, "get_agent": {"executed_lines": [62, 64, 65], "summary": {"covered_lines": 3, "num_statements": 4, "percent_covered": 75.0, "percent_covered_display": "75", "missing_lines": 1, "excluded_lines": 0, "percent_statements_covered": 75.0, "percent_statements_covered_display": "75"}, "missing_lines": [67], "excluded_lines": [], "start_line": 60}, "run_agent": {"executed_lines": [], "summary": {"covered_lines": 0, "num_statements": 5, "percent_covered": 0.0, "percent_covered_display": "0", "missing_lines": 5, "excluded_lines": 0, "percent_statements_covered": 0.0, "percent_statements_covered_display": "0"}, "missing_lines": [73, 75, 76, 78, 84], "excluded_lines": [], "start_line": 71}, "delete_agent": {"executed_lines": [], "summary": {"covered_lines": 0, "num_statements": 3, "percent_covered": 0.0, "percent_covered_display": "0", "missing_lines": 3, "excluded_lines": 0, "percent_statements_covered": 0.0, "percent_statements_covered_display": "0"}, "missing_lines": [95, 96, 98], "excluded_lines": [], "start_line": 93}, "": {"executed_lines": [3, 4, 5, 7, 8, 9, 11, 12, 13, 16, 17, 18, 19, 20, 23, 24, 25, 26, 29, 30, 45, 46, 59, 60, 70, 71, 92, 93], "summary": {"covered_lines": 28, "num_statements": 28, "percent_covered": 100.0, "percent_covered_display": "100", "missing_lines": 0, "excluded_lines": 0, "percent_statements_covered": 100.0, "percent_statements_covered_display": "100"}, "missing_lines": [], "excluded_lines": [], "start_line": 1}}, "classes": {"AgentCreate": {"executed_lines": [], "summary": {"covered_lines": 0, "num_statements": 0, "percent_covered": 100.0, "percent_covered_display": "100", "missing_lines": 0, "excluded_lines": 0, "percent_statements_covered": 100.0, "percent_statements_covered_display": "100"}, "missing_lines": [], "excluded_lines": [], "start_line": 16}, "AgentRun": {"executed_lines": [], "summary": {"covered_lines": 0, "num_statements": 0, "percent_covered": 100.0, "percent_covered_display": "100", "missing_lines": 0, "excluded_lines": 0, "percent_statements_covered": 100.0, "percent_statements_covered_display": "100"}, "missing_lines": [], "excluded_lines": [], "start_line": 23}, "": {"executed_lines": [3, 4, 5, 7, 8, 9, 11, 12, 13, 16, 17, 18, 19, 20, 23, 24, 25, 26, 29, 30, 32, 39, 40, 42, 45, 46, 59, 60, 62, 64, 65, 70, 71, 92, 93], "summary": {"covered_lines": 35, "num_statements": 51, "percent_covered": 68.62745098039215, "percent_covered_display": "69", "missing_lines": 16, "excluded_lines": 0, "percent_statements_covered": 68.62745098039215, "percent_statements_covered_display": "69"}, "missing_lines": [48, 49, 51, 52, 53, 54, 56, 67, 73, 75, 76, 78, 84, 95, 96, 98], "excluded_lines": [], "start_line": 1}}}, "agent_factory/api/routes/auth.py": {"executed_lines": [10, 11, 12, 13, 14, 15, 16, 18, 19, 20, 22, 23, 26, 29, 31, 32, 34, 35, 43, 45, 46, 49, 51, 52, 53, 54, 55, 58, 60, 61, 62, 63, 66, 71, 76, 77, 149, 150, 205, 206], "summary": {"covered_lines": 40, "num_statements": 100, "percent_covered": 40.0, "percent_covered_display": "40", "missing_lines": 60, "excluded_lines": 0, "percent_statements_covered": 40.0, "percent_statements_covered_display": "40"}, "missing_lines": [36, 37, 38, 39, 40, 68, 73, 83, 84, 86, 87, 88, 94, 95, 104, 107, 108, 110, 120, 121, 124, 128, 130, 137, 138, 139, 140, 141, 146, 156, 157, 159, 160, 161, 167, 168, 174, 175, 181, 185, 187, 194, 195, 196, 197, 202, 212, 213, 215, 216, 217, 218, 219, 225, 226, 227, 228, 229, 231, 238], "excluded_lines": [], "functions": {"SignupRequest.validate_password": {"executed_lines": [], "summary": {"covered_lines": 0, "num_statements": 5, "percent_covered": 0.0, "percent_covered_display": "0", "missing_lines": 5, "excluded_lines": 0, "percent_statements_covered": 0.0, "percent_statements_covered_display": "0"}, "missing_lines": [36, 37, 38, 39, 40], "excluded_lines": [], "start_line": 35}, "hash_password": {"executed_lines": [], "summary": {"covered_lines": 0, "num_statements": 1, "percent_covered": 0.0, "percent_covered_display": "0", "missing_lines": 1, "excluded_lines": 0, "percent_statements_covered": 0.0, "percent_statements_covered_display": "0"}, "missing_lines": [68], "excluded_lines": [], "start_line": 66}, "verify_password": {"executed_lines": [], "summary": {"covered_lines": 0, "num_statements": 1, "percent_covered": 0.0, "percent_covered_display": "0", "missing_lines": 1, "excluded_lines": 0, "percent_statements_covered": 0.0, "percent_statements_covered_display": "0"}, "missing_lines": [73], "excluded_lines": [], "start_line": 71}, "signup": {"executed_lines": [], "summary": {"covered_lines": 0, "num_statements": 22, "percent_covered": 0.0, "percent_covered_display": "0", "missing_lines": 22, "excluded_lines": 0, "percent_statements_covered": 0.0, "percent_statements_covered_display": "0"}, "missing_lines": [83, 84, 86, 87, 88, 94, 95, 104, 107, 108, 110, 120, 121, 124, 128, 130, 137, 138, 139, 140, 141, 146], "excluded_lines": [], "start_line": 77}, "login": {"executed_lines": [], "summary": {"covered_lines": 0, "num_statements": 17, "percent_covered": 0.0, "percent_covered_display": "0", "missing_lines": 17, "excluded_lines": 0, "percent_statements_covered": 0.0, "percent_statements_covered_display": "0"}, "missing_lines": [156, 157, 159, 160, 161, 167, 168, 174, 175, 181, 185, 187, 194, 195, 196, 197, 202], "excluded_lines": [], "start_line": 150}, "get_current_user_info": {"executed_lines": [], "summary": {"covered_lines": 0, "num_statements": 14, "percent_covered": 0.0, "percent_covered_display": "0", "missing_lines": 14, "excluded_lines": 0, "percent_statements_covered": 0.0, "percent_statements_covered_display": "0"}, "missing_lines": [212, 213, 215, 216, 217, 218, 219, 225, 226, 227, 228, 229, 231, 238], "excluded_lines": [], "start_line": 206}, "": {"executed_lines": [10, 11, 12, 13, 14, 15, 16, 18, 19, 20, 22, 23, 26, 29, 31, 32, 34, 35, 43, 45, 46, 49, 51, 52, 53, 54, 55, 58, 60, 61, 62, 63, 66, 71, 76, 77, 149, 150, 205, 206], "summary": {"covered_lines": 40, "num_statements": 40, "percent_covered": 100.0, "percent_covered_display": "100", "missing_lines": 0, "excluded_lines": 0, "percent_statements_covered": 100.0, "percent_statements_covered_display": "100"}, "missing_lines": [], "excluded_lines": [], "start_line": 1}}, "classes": {"SignupRequest": {"executed_lines": [], "summary": {"covered_lines": 0, "num_statements": 5, "percent_covered": 0.0, "percent_covered_display": "0", "missing_lines": 5, "excluded_lines": 0, "percent_statements_covered": 0.0, "percent_statements_covered_display": "0"}, "missing_lines": [36, 37, 38, 39, 40], "excluded_lines": [], "start_line": 29}, "LoginRequest": {"executed_lines": [], "summary": {"covered_lines": 0, "num_statements": 0, "percent_covered": 100.0, "percent_covered_display": "100", "missing_lines": 0, "excluded_lines": 0, "percent_statements_covered": 100.0, "percent_statements_covered_display": "100"}, "missing_lines": [], "excluded_lines": [], "start_line": 43}, "TokenResponse": {"executed_lines": [], "summary": {"covered_lines": 0, "num_statements": 0, "percent_covered": 100.0, "percent_covered_display": "100", "missing_lines": 0, "excluded_lines": 0, "percent_statements_covered": 100.0, "percent_statements_covered_display": "100"}, "missing_lines": [], "excluded_lines": [], "start_line": 49}, "UserResponse": {"executed_lines": [], "summary": {"covered_lines": 0, "num_statements": 0, "percent_covered": 100.0, "percent_covered_display": "100", "missing_lines": 0, "excluded_lines": 0, "percent_statements_covered": 100.0, "percent_statements_covered_display": "100"}, "missing_lines": [], "excluded_lines": [], "start_line": 58}, "": {"executed_lines": [10, 11, 12, 13, 14, 15, 16, 18, 19, 20, 22, 23, 26, 29, 31, 32, 34, 35, 43, 45, 46, 49, 51, 52, 53, 54, 55, 58, 60, 61, 62, 63, 66, 71, 76, 77, 149, 150, 205, 206], "summary": {"covered_lines": 40, "num_statements": 95, "percent_covered": 42.10526315789474, "percent_covered_display": "42", "missing_lines": 55, "excluded_lines": 0, "percent_statements_covered": 42.10526315789474, "percent_statements_covered_display": "42"}, "missing_lines": [68, 73, 83, 84, 86, 87, 88, 94, 95, 104, 107, 108, 110, 120, 121, 124, 128, 130, 137, 138, 139, 140, 141, 146, 156, 157, 159, 160, 161, 167, 168, 174, 175, 181, 185, 187, 194, 195, 196, 197, 202, 212, 213, 215, 216, 217, 218, 219, 225, 226, 227, 228, 229, 231, 238], "excluded_lines": [], "start_line": 1}}}, "agent_factory/api/routes/blueprints.py": {"executed_lines": [3, 4, 5, 7, 8, 9, 10, 11, 12, 14, 15, 18, 20, 21, 22, 23, 24, 25, 26, 27, 28, 29, 30, 33, 35, 38, 40, 41, 42, 45, 46, 109, 110, 115, 116, 126, 127, 148, 149, 176, 177], "summary": {"covered_lines": 41, "num_statements": 97, "percent_covered": 42.2680412371134, "percent_covered_display": "42", "missing_lines": 56, "excluded_lines": 0, "percent_statements_covered": 42.2680412371134, "percent_statements_covered_display": "42"}, "missing_lines": [51, 54, 55, 56, 59, 61, 62, 63, 64, 65, 66, 68, 69, 70, 78, 79, 80, 81, 82, 83, 84, 85, 87, 88, 90, 104, 106, 112, 118, 120, 121, 123, 133, 135, 136, 137, 139, 141, 142, 143, 145, 155, 157, 158, 159, 161, 163, 164, 171, 172, 173, 179, 180, 181, 183, 184], "excluded_lines": [], "functions": {"create_blueprint": {"executed_lines": [], "summary": {"covered_lines": 0, "num_statements": 27, "percent_covered": 0.0, "percent_covered_display": "0", "missing_lines": 27, "excluded_lines": 0, "percent_statements_covered": 0.0, "percent_statements_covered_display": "0"}, "missing_lines": [51, 54, 55, 56, 59, 61, 62, 63, 64, 65, 66, 68, 69, 70, 78, 79, 80, 81, 82, 83, 84, 85, 87, 88, 90, 104, 106], "excluded_lines": [], "start_line": 46}, "list_blueprints": {"executed_lines": [], "summary": {"covered_lines": 0, "num_statements": 1, "percent_covered": 0.0, "percent_covered_display": "0", "missing_lines": 1, "excluded_lines": 0, "percent_statements_covered": 0.0, "percent_statements_covered_display": "0"}, "missing_lines": [112], "excluded_lines": [], "start_line": 110}, "get_blueprint": {"executed_lines": [], "summary": {"covered_lines": 0, "num_statements": 4, "percent_covered": 0.0, "percent_covered_display": "0", "missing_lines": 4, "excluded_lines": 0, "percent_statements_covered": 0.0, "percent_statements_covered_display": "0"}, "missing_lines": [118, 120, 121, 123], "excluded_lines": [], "start_line": 116}, "install_blueprint": {"executed_lines": [], "summary": {"covered_lines": 0, "num_statements": 9, "percent_covered": 0.0, "percent_covered_display": "0", "missing_lines": 9, "excluded_lines": 0, "percent_statements_covered": 0.0, "percent_statements_covered_display": "0"}, "missing_lines": [133, 135, 136, 137, 139, 141, 142, 143, 145], "excluded_lines": [], "start_line": 127}, "publish_blueprint_endpoint": {"executed_lines": [], "summary": {"covered_lines": 0, "num_statements": 10, "percent_covered": 0.0, "percent_covered_display": "0", "missing_lines": 10, "excluded_lines": 0, "percent_statements_covered": 0.0, "percent_statements_covered_display": "0"}, "missing_lines": [155, 157, 158, 159, 161, 163, 164, 171, 172, 173], "excluded_lines": [], "start_line": 149}, "get_blueprint_reviews": {"executed_lines": [], "summary": {"covered_lines": 0, "num_statements": 5, "percent_covered": 0.0, "percent_covered_display": "0", "missing_lines": 5, "excluded_lines": 0, "percent_statements_covered": 0.0, "percent_statements_covered_display": "0"}, "missing_lines": [179, 180, 181, 183, 184], "excluded_lines": [], "start_line": 177}, "": {"executed_lines": [3, 4, 5, 7, 8, 9, 10, 11, 12, 14, 15, 18, 20, 21, 22, 23, 24, 25, 26, 27, 28, 29, 30, 33, 35, 38, 40, 41, 42, 45, 46, 109, 110, 115, 116, 126, 127, 148, 149, 176, 177], "summary": {"covered_lines": 41, "num_statements": 41, "percent_covered": 100.0, "percent_covered_display": "100", "missing_lines": 0, "excluded_lines": 0, "percent_statements_covered": 100.0, "percent_statements_covered_display": "100"}, "missing_lines": [], "excluded_lines": [], "start_line": 1}}, "classes": {"BlueprintCreate": {"executed_lines": [], "summary": {"covered_lines": 0, "num_statements": 0, "percent_covered": 100.0, "percent_covered_display": "100", "missing_lines": 0, "excluded_lines": 0, "percent_statements_covered": 100.0, "percent_statements_covered_display": "100"}, "missing_lines": [], "excluded_lines": [], "start_line": 18}, "BlueprintInstall": {"executed_lines": [], "summary": {"covered_lines": 0, "num_statements": 0, "percent_covered": 100.0, "percent_covered_display": "100", "missing_lines": 0, "excluded_lines": 0, "percent_statements_covered": 100.0, "percent_statements_covered_display": "100"}, "missing_lines": [], "excluded_lines": [], "start_line": 33}, "BlueprintPublish": {"executed_lines": [], "summary": {"covered_lines": 0, "num_statements": 0, "percent_covered": 100.0, "percent_covered_display": "100", "missing_lines": 0, "excluded_lines": 0, "percent_statements_covered": 100.0, "percent_statements_covered_display": "100"}, "missing_lines": [], "excluded_lines": [], "start_line": 38}, "": {"executed_lines": [3, 4, 5, 7, 8, 9, 10, 11, 12, 14, 15, 18, 20, 21, 22, 23, 24, 25, 26, 27, 28, 29, 30, 33, 35, 38, 40, 41, 42, 45, 46, 109, 110, 115, 116, 126, 127, 148, 149, 176, 177], "summary": {"covered_lines": 41, "num_statements": 97, "percent_covered": 42.2680412371134, "percent_covered_display": "42", "missing_lines": 56, "excluded_lines": 0, "percent_statements_covered": 42.2680412371134, "percent_statements_covered_display": "42"}, "missing_lines": [51, 54, 55, 56, 59, 61, 62, 63, 64, 65, 66, 68, 69, 70, 78, 79, 80, 81, 82, 83, 84, 85, 87, 88, 90, 104, 106, 112, 118, 120, 121, 123, 133, 135, 136, 137, 139, 141, 142, 143, 145, 155, 157, 158, 159, 161, 163, 164, 171, 172, 173, 179, 180, 181, 183, 184], "excluded_lines": [], "start_line": 1}}}, "agent_factory/api/routes/executions.py": {"executed_lines": [3, 4, 6, 7, 8, 10, 11, 14, 15, 45, 46, 48, 50, 51, 53, 66, 67, 69, 71, 76, 77, 79, 80, 82, 88, 89, 142, 143], "summary": {"covered_lines": 28, "num_statements": 69, "percent_covered": 40.57971014492754, "percent_covered_display": "41", "missing_lines": 41, "excluded_lines": 0, "percent_statements_covered": 40.57971014492754, "percent_statements_covered_display": "41"}, "missing_lines": [22, 24, 30, 72, 78, 94, 96, 97, 98, 100, 101, 104, 106, 107, 108, 109, 110, 113, 114, 116, 121, 123, 124, 125, 126, 127, 130, 132, 137, 139, 148, 150, 151, 152, 154, 155, 158, 159, 160, 161, 163], "excluded_lines": [], "functions": {"list_executions": {"executed_lines": [], "summary": {"covered_lines": 0, "num_statements": 3, "percent_covered": 0.0, "percent_covered_display": "0", "missing_lines": 3, "excluded_lines": 0, "percent_statements_covered": 0.0, "percent_statements_covered_display": "0"}, "missing_lines": [22, 24, 30], "excluded_lines": [], "start_line": 15}, "get_execution": {"executed_lines": [48, 50, 51, 53], "summary": {"covered_lines": 4, "num_statements": 4, "percent_covered": 100.0, "percent_covered_display": "100", "missing_lines": 0, "excluded_lines": 0, "percent_statements_covered": 100.0, "percent_statements_covered_display": "100"}, "missing_lines": [], "excluded_lines": [], "start_line": 46}, "get_execution_logs": {"executed_lines": [69, 71, 76, 77, 79, 80, 82], "summary": {"covered_lines": 7, "num_statements": 9, "percent_covered": 77.77777777777777, "percent_covered_display": "78", "missing_lines": 2, "excluded_lines": 0, "percent_statements_covered": 77.77777777777777, "percent_statements_covered_display": "78"}, "missing_lines": [72, 78], "excluded_lines": [], "start_line": 67}, "retry_execution": {"executed_lines": [], "summary": {"covered_lines": 0, "num_statements": 25, "percent_covered": 0.0, "percent_covered_display": "0", "missing_lines": 25, "excluded_lines": 0, "percent_statements_covered": 0.0, "percent_statements_covered_display": "0"}, "missing_lines": [94, 96, 97, 98, 100, 101, 104, 106, 107, 108, 109, 110, 113, 114, 116, 121, 123, 124, 125, 126, 127, 130, 132, 137, 139], "excluded_lines": [], "start_line": 89}, "cancel_execution": {"executed_lines": [], "summary": {"covered_lines": 0, "num_statements": 11, "percent_covered": 0.0, "percent_covered_display": "0", "missing_lines": 11, "excluded_lines": 0, "percent_statements_covered": 0.0, "percent_statements_covered_display": "0"}, "missing_lines": [148, 150, 151, 152, 154, 155, 158, 159, 160, 161, 163], "excluded_lines": [], "start_line": 143}, "": {"executed_lines": [3, 4, 6, 7, 8, 10, 11, 14, 15, 45, 46, 66, 67, 88, 89, 142, 143], "summary": {"covered_lines": 17, "num_statements": 17, "percent_covered": 100.0, "percent_covered_display": "100", "missing_lines": 0, "excluded_lines": 0, "percent_statements_covered": 100.0, "percent_statements_covered_display": "100"}, "missing_lines": [], "excluded_lines": [], "start_line": 1}}, "classes": {"": {"executed_lines": [3, 4, 6, 7, 8, 10, 11, 14, 15, 45, 46, 48, 50, 51, 53, 66, 67, 69, 71, 76, 77, 79, 80, 82, 88, 89, 142, 143], "summary": {"covered_lines": 28, "num_statements": 69, "percent_covered": 40.57971014492754, "percent_covered_display": "41", "missing_lines": 41, "excluded_lines": 0, "percent_statements_covered": 40.57971014492754, "percent_statements_covered_display": "41"}, "missing_lines": [22, 24, 30, 72, 78, 94, 96, 97, 98, 100, 101, 104, 106, 107, 108, 109, 110, 113, 114, 116, 121, 123, 124, 125, 126, 127, 130, 132, 137, 139, 148, 150, 151, 152, 154, 155, 158, 159, 160, 161, 163], "excluded_lines": [], "start_line": 1}}}, "agent_factory/api/routes/financial.py": {"executed_lines": [5, 6, 7, 8, 9, 10, 15, 17, 20, 22, 23, 24, 25, 26, 29, 31, 32, 33, 34, 35, 36, 39, 40, 65, 66, 89, 90, 109, 110, 124, 125], "summary": {"covered_lines": 31, "num_statements": 56, "percent_covered": 55.357142857142854, "percent_covered_display": "55", "missing_lines": 25, "excluded_lines": 0, "percent_statements_covered": 55.357142857142854, "percent_statements_covered_display": "55"}, "missing_lines": [42, 44, 45, 46, 54, 58, 59, 73, 75, 76, 78, 79, 81, 92, 94, 103, 112, 114, 115, 116, 117, 118, 132, 134, 141], "excluded_lines": [], "functions": {"record_cost": {"executed_lines": [], "summary": {"covered_lines": 0, "num_statements": 7, "percent_covered": 0.0, "percent_covered_display": "0", "missing_lines": 7, "excluded_lines": 0, "percent_statements_covered": 0.0, "percent_statements_covered_display": "0"}, "missing_lines": [42, 44, 45, 46, 54, 58, 59], "excluded_lines": [], "start_line": 40}, "get_costs": {"executed_lines": [], "summary": {"covered_lines": 0, "num_statements": 6, "percent_covered": 0.0, "percent_covered_display": "0", "missing_lines": 6, "excluded_lines": 0, "percent_statements_covered": 0.0, "percent_statements_covered_display": "0"}, "missing_lines": [73, 75, 76, 78, 79, 81], "excluded_lines": [], "start_line": 66}, "create_budget": {"executed_lines": [], "summary": {"covered_lines": 0, "num_statements": 3, "percent_covered": 0.0, "percent_covered_display": "0", "missing_lines": 3, "excluded_lines": 0, "percent_statements_covered": 0.0, "percent_statements_covered_display": "0"}, "missing_lines": [92, 94, 103], "excluded_lines": [], "start_line": 90}, "get_budget_status": {"executed_lines": [], "summary": {"covered_lines": 0, "num_statements": 6, "percent_covered": 0.0, "percent_covered_display": "0", "missing_lines": 6, "excluded_lines": 0, "percent_statements_covered": 0.0, "percent_statements_covered_display": "0"}, "missing_lines": [112, 114, 115, 116, 117, 118], "excluded_lines": [], "start_line": 110}, "estimate_cost": {"executed_lines": [], "summary": {"covered_lines": 0, "num_statements": 3, "percent_covered": 0.0, "percent_covered_display": "0", "missing_lines": 3, "excluded_lines": 0, "percent_statements_covered": 0.0, "percent_statements_covered_display": "0"}, "missing_lines": [132, 134, 141], "excluded_lines": [], "start_line": 125}, "": {"executed_lines": [5, 6, 7, 8, 9, 10, 15, 17, 20, 22, 23, 24, 25, 26, 29, 31, 32, 33, 34, 35, 36, 39, 40, 65, 66, 89, 90, 109, 110, 124, 125], "summary": {"covered_lines": 31, "num_statements": 31, "percent_covered": 100.0, "percent_covered_display": "100", "missing_lines": 0, "excluded_lines": 0, "percent_statements_covered": 100.0, "percent_statements_covered_display": "100"}, "missing_lines": [], "excluded_lines": [], "start_line": 1}}, "classes": {"CostRecordRequest": {"executed_lines": [], "summary": {"covered_lines": 0, "num_statements": 0, "percent_covered": 100.0, "percent_covered_display": "100", "missing_lines": 0, "excluded_lines": 0, "percent_statements_covered": 100.0, "percent_statements_covered_display": "100"}, "missing_lines": [], "excluded_lines": [], "start_line": 20}, "BudgetRequest": {"executed_lines": [], "summary": {"covered_lines": 0, "num_statements": 0, "percent_covered": 100.0, "percent_covered_display": "100", "missing_lines": 0, "excluded_lines": 0, "percent_statements_covered": 100.0, "percent_statements_covered_display": "100"}, "missing_lines": [], "excluded_lines": [], "start_line": 29}, "": {"executed_lines": [5, 6, 7, 8, 9, 10, 15, 17, 20, 22, 23, 24, 25, 26, 29, 31, 32, 33, 34, 35, 36, 39, 40, 65, 66, 89, 90, 109, 110, 124, 125], "summary": {"covered_lines": 31, "num_statements": 56, "percent_covered": 55.357142857142854, "percent_covered_display": "55", "missing_lines": 25, "excluded_lines": 0, "percent_statements_covered": 55.357142857142854, "percent_statements_covered_display": "55"}, "missing_lines": [42, 44, 45, 46, 54, 58, 59, 73, 75, 76, 78, 79, 81, 92, 94, 103, 112, 114, 115, 116, 117, 118, 132, 134, 141], "excluded_lines": [], "start_line": 1}}}, "agent_factory/api/routes/health.py": {"executed_lines": [5, 6, 7, 9, 12, 13], "summary": {"covered_lines": 6, "num_statements": 10, "percent_covered": 60.0, "percent_covered_display": "60", "missing_lines": 4, "excluded_lines": 0, "percent_statements_covered": 60.0, "percent_statements_covered_display": "60"}, "missing_lines": [20, 21, 22, 24], "excluded_lines": [], "functions": {"circuit_breaker_status": {"executed_lines": [], "summary": {"covered_lines": 0, "num_statements": 4, "percent_covered": 0.0, "percent_covered_display": "0", "missing_lines": 4, "excluded_lines": 0, "percent_statements_covered": 0.0, "percent_statements_covered_display": "0"}, "missing_lines": [20, 21, 22, 24], "excluded_lines": [], "start_line": 13}, "": {"executed_lines": [5, 6, 7, 9, 12, 13], "summary": {"covered_lines": 6, "num_statements": 6, "percent_covered": 100.0, "percent_covered_display": "100", "missing_lines": 0, "excluded_lines": 0, "percent_statements_covered": 100.0, "percent_statements_covered_display": "100"}, "missing_lines": [], "excluded_lines": [], "start_line": 1}}, "classes": {"": {"executed_lines": [5, 6, 7, 9, 12, 13], "summary": {"covered_lines": 6, "num_statements": 10, "percent_covered": 60.0, "percent_covered_display": "60", "missing_lines": 4, "excluded_lines": 0, "percent_statements_covered": 60.0, "percent_statements_covered_display": "60"}, "missing_lines": [20, 21, 22, 24], "excluded_lines": [], "start_line": 1}}}, "agent_factory/api/routes/metrics_dashboard.py": {"executed_lines": [7, 8, 10, 11, 13, 14, 16, 17, 21, 24, 26, 27, 28, 29, 30, 31, 32, 33, 34, 35, 38, 40, 41, 42, 43, 46, 47, 80, 81, 100, 101, 120, 121, 151, 152, 177, 178], "summary": {"covered_lines": 37, "num_statements": 71, "percent_covered": 52.11267605633803, "percent_covered_display": "52", "missing_lines": 34, "excluded_lines": 0, "percent_statements_covered": 52.11267605633803, "percent_statements_covered_display": "52"}, "missing_lines": [18, 19, 56, 58, 59, 61, 64, 66, 90, 92, 93, 95, 97, 110, 112, 113, 115, 117, 130, 131, 138, 140, 141, 143, 162, 164, 165, 166, 167, 169, 171, 188, 190, 192], "excluded_lines": [], "functions": {"get_metrics_summary": {"executed_lines": [], "summary": {"covered_lines": 0, "num_statements": 6, "percent_covered": 0.0, "percent_covered_display": "0", "missing_lines": 6, "excluded_lines": 0, "percent_statements_covered": 0.0, "percent_statements_covered_display": "0"}, "missing_lines": [56, 58, 59, 61, 64, 66], "excluded_lines": [], "start_line": 47}, "get_conversion_funnel": {"executed_lines": [], "summary": {"covered_lines": 0, "num_statements": 5, "percent_covered": 0.0, "percent_covered_display": "0", "missing_lines": 5, "excluded_lines": 0, "percent_statements_covered": 0.0, "percent_statements_covered_display": "0"}, "missing_lines": [90, 92, 93, 95, 97], "excluded_lines": [], "start_line": 81}, "get_channel_attribution": {"executed_lines": [], "summary": {"covered_lines": 0, "num_statements": 5, "percent_covered": 0.0, "percent_covered_display": "0", "missing_lines": 5, "excluded_lines": 0, "percent_statements_covered": 0.0, "percent_statements_covered_display": "0"}, "missing_lines": [110, 112, 113, 115, 117], "excluded_lines": [], "start_line": 101}, "get_revenue_metrics": {"executed_lines": [], "summary": {"covered_lines": 0, "num_statements": 6, "percent_covered": 0.0, "percent_covered_display": "0", "missing_lines": 6, "excluded_lines": 0, "percent_statements_covered": 0.0, "percent_statements_covered_display": "0"}, "missing_lines": [130, 131, 138, 140, 141, 143], "excluded_lines": [], "start_line": 121}, "get_retention": {"executed_lines": [], "summary": {"covered_lines": 0, "num_statements": 7, "percent_covered": 0.0, "percent_covered_display": "0", "missing_lines": 7, "excluded_lines": 0, "percent_statements_covered": 0.0, "percent_statements_covered_display": "0"}, "missing_lines": [162, 164, 165, 166, 167, 169, 171], "excluded_lines": [], "start_line": 152}, "get_growth_rate": {"executed_lines": [], "summary": {"covered_lines": 0, "num_statements": 3, "percent_covered": 0.0, "percent_covered_display": "0", "missing_lines": 3, "excluded_lines": 0, "percent_statements_covered": 0.0, "percent_statements_covered_display": "0"}, "missing_lines": [188, 190, 192], "excluded_lines": [], "start_line": 178}, "": {"executed_lines": [7, 8, 10, 11, 13, 14, 16, 17, 21, 24, 26, 27, 28, 29, 30, 31, 32, 33, 34, 35, 38, 40, 41, 42, 43, 46, 47, 80, 81, 100, 101, 120, 121, 151, 152, 177, 178], "summary": {"covered_lines": 37, "num_statements": 39, "percent_covered": 94.87179487179488, "percent_covered_display": "95", "missing_lines": 2, "excluded_lines": 0, "percent_statements_covered": 94.87179487179488, "percent_statements_covered_display": "95"}, "missing_lines": [18, 19], "excluded_lines": [], "start_line": 1}}, "classes": {"MetricsSummaryResponse": {"executed_lines": [], "summary": {"covered_lines": 0, "num_statements": 0, "percent_covered": 100.0, "percent_covered_display": "100", "missing_lines": 0, "excluded_lines": 0, "percent_statements_covered": 100.0, "percent_statements_covered_display": "100"}, "missing_lines": [], "excluded_lines": [], "start_line": 24}, "RevenueMetricsResponse": {"executed_lines": [], "summary": {"covered_lines": 0, "num_statements": 0, "percent_covered": 100.0, "percent_covered_display": "100", "missing_lines": 0, "excluded_lines": 0, "percent_statements_covered": 100.0, "percent_statements_covered_display": "100"}, "missing_lines": [], "excluded_lines": [], "start_line": 38}, "": {"executed_lines": [7, 8, 10, 11, 13, 14, 16, 17, 21, 24, 26, 27, 28, 29, 30, 31, 32, 33, 34, 35, 38, 40, 41, 42, 43, 46, 47, 80, 81, 100, 101, 120, 121, 151, 152, 177, 178], "summary": {"covered_lines": 37, "num_statements": 71, "percent_covered": 52.11267605633803, "percent_covered_display": "52", "missing_lines": 34, "excluded_lines": 0, "percent_statements_covered": 52.11267605633803, "percent_statements_covered_display": "52"}, "missing_lines": [18, 19, 56, 58, 59, 61, 64, 66, 90, 92, 93, 95, 97, 110, 112, 113, 115, 117, 130, 131, 138, 140, 141, 143, 162, 164, 165, 166, 167, 169, 171, 188, 190, 192], "excluded_lines": [], "start_line": 1}}}, "agent_factory/api/routes/payments.py": {"executed_lines": [3, 4, 5, 6, 7, 8, 10, 11, 12, 13, 14, 16, 19, 21, 22, 23, 26, 28, 29, 30, 33, 34, 64, 65, 71, 72, 88, 89, 100, 101, 115, 116, 128, 129, 264, 265], "summary": {"covered_lines": 36, "num_statements": 127, "percent_covered": 28.346456692913385, "percent_covered_display": "28", "missing_lines": 91, "excluded_lines": 0, "percent_statements_covered": 28.346456692913385, "percent_statements_covered_display": "28"}, "missing_lines": [39, 41, 42, 44, 45, 47, 48, 49, 51, 53, 61, 67, 68, 77, 79, 85, 94, 96, 97, 106, 108, 109, 110, 112, 122, 124, 125, 139, 140, 141, 143, 144, 146, 147, 148, 150, 151, 152, 155, 156, 163, 164, 166, 184, 185, 188, 191, 192, 194, 199, 200, 201, 203, 207, 209, 210, 216, 219, 220, 247, 252, 253, 254, 255, 256, 261, 274, 275, 276, 278, 280, 282, 288, 290, 292, 293, 295, 296, 298, 299, 301, 302, 303, 304, 307, 318, 319, 321, 327, 328, 329], "excluded_lines": [], "functions": {"create_checkout": {"executed_lines": [], "summary": {"covered_lines": 0, "num_statements": 11, "percent_covered": 0.0, "percent_covered_display": "0", "missing_lines": 11, "excluded_lines": 0, "percent_statements_covered": 0.0, "percent_statements_covered_display": "0"}, "missing_lines": [39, 41, 42, 44, 45, 47, 48, 49, 51, 53, 61], "excluded_lines": [], "start_line": 34}, "stripe_webhook": {"executed_lines": [], "summary": {"covered_lines": 0, "num_statements": 2, "percent_covered": 0.0, "percent_covered_display": "0", "missing_lines": 2, "excluded_lines": 0, "percent_statements_covered": 0.0, "percent_statements_covered_display": "0"}, "missing_lines": [67, 68], "excluded_lines": [], "start_line": 65}, "create_subscription_endpoint": {"executed_lines": [], "summary": {"covered_lines": 0, "num_statements": 3, "percent_covered": 0.0, "percent_covered_display": "0", "missing_lines": 3, "excluded_lines": 0, "percent_statements_covered": 0.0, "percent_statements_covered_display": "0"}, "missing_lines": [77, 79, 85], "excluded_lines": [], "start_line": 72}, "cancel_subscription_endpoint": {"executed_lines": [], "summary": {"covered_lines": 0, "num_statements": 3, "percent_covered": 0.0, "percent_covered_display": "0", "missing_lines": 3, "excluded_lines": 0, "percent_statements_covered": 0.0, "percent_statements_covered_display": "0"}, "missing_lines": [94, 96, 97], "excluded_lines": [], "start_line": 89}, "get_subscription_endpoint": {"executed_lines": [], "summary": {"covered_lines": 0, "num_statements": 5, "percent_covered": 0.0, "percent_covered_display": "0", "missing_lines": 5, "excluded_lines": 0, "percent_statements_covered": 0.0, "percent_statements_covered_display": "0"}, "missing_lines": [106, 108, 109, 110, 112], "excluded_lines": [], "start_line": 101}, "get_revenue_share": {"executed_lines": [], "summary": {"covered_lines": 0, "num_statements": 3, "percent_covered": 0.0, "percent_covered_display": "0", "missing_lines": 3, "excluded_lines": 0, "percent_statements_covered": 0.0, "percent_statements_covered_display": "0"}, "missing_lines": [122, 124, 125], "excluded_lines": [], "start_line": 116}, "upgrade_to_pro": {"executed_lines": [], "summary": {"covered_lines": 0, "num_statements": 39, "percent_covered": 0.0, "percent_covered_display": "0", "missing_lines": 39, "excluded_lines": 0, "percent_statements_covered": 0.0, "percent_statements_covered_display": "0"}, "missing_lines": [139, 140, 141, 143, 144, 146, 147, 148, 150, 151, 152, 155, 156, 163, 164, 166, 184, 185, 188, 191, 192, 194, 199, 200, 201, 203, 207, 209, 210, 216, 219, 220, 247, 252, 253, 254, 255, 256, 261], "excluded_lines": [], "start_line": 129}, "upgrade_success": {"executed_lines": [], "summary": {"covered_lines": 0, "num_statements": 25, "percent_covered": 0.0, "percent_covered_display": "0", "missing_lines": 25, "excluded_lines": 0, "percent_statements_covered": 0.0, "percent_statements_covered_display": "0"}, "missing_lines": [274, 275, 276, 278, 280, 282, 288, 290, 292, 293, 295, 296, 298, 299, 301, 302, 303, 304, 307, 318, 319, 321, 327, 328, 329], "excluded_lines": [], "start_line": 265}, "": {"executed_lines": [3, 4, 5, 6, 7, 8, 10, 11, 12, 13, 14, 16, 19, 21, 22, 23, 26, 28, 29, 30, 33, 34, 64, 65, 71, 72, 88, 89, 100, 101, 115, 116, 128, 129, 264, 265], "summary": {"covered_lines": 36, "num_statements": 36, "percent_covered": 100.0, "percent_covered_display": "100", "missing_lines": 0, "excluded_lines": 0, "percent_statements_covered": 100.0, "percent_statements_covered_display": "100"}, "missing_lines": [], "excluded_lines": [], "start_line": 1}}, "classes": {"CheckoutRequest": {"executed_lines": [], "summary": {"covered_lines": 0, "num_statements": 0, "percent_covered": 100.0, "percent_covered_display": "100", "missing_lines": 0, "excluded_lines": 0, "percent_statements_covered": 100.0, "percent_statements_covered_display": "100"}, "missing_lines": [], "excluded_lines": [], "start_line": 19}, "SubscriptionRequest": {"executed_lines": [], "summary": {"covered_lines": 0, "num_statements": 0, "percent_covered": 100.0, "percent_covered_display": "100", "missing_lines": 0, "excluded_lines": 0, "percent_statements_covered": 100.0, "percent_statements_covered_display": "100"}, "missing_lines": [], "excluded_lines": [], "start_line": 26}, "": {"executed_lines": [3, 4, 5, 6, 7, 8, 10, 11, 12, 13, 14, 16, 19, 21, 22, 23, 26, 28, 29, 30, 33, 34, 64, 65, 71, 72, 88, 89, 100, 101, 115, 116, 128, 129, 264, 265], "summary": {"covered_lines": 36, "num_statements": 127, "percent_covered": 28.346456692913385, "percent_covered_display": "28", "missing_lines": 91, "excluded_lines": 0, "percent_statements_covered": 28.346456692913385, "percent_statements_covered_display": "28"}, "missing_lines": [39, 41, 42, 44, 45, 47, 48, 49, 51, 53, 61, 67, 68, 77, 79, 85, 94, 96, 97, 106, 108, 109, 110, 112, 122, 124, 125, 139, 140, 141, 143, 144, 146, 147, 148, 150, 151, 152, 155, 156, 163, 164, 166, 184, 185, 188, 191, 192, 194, 199, 200, 201, 203, 207, 209, 210, 216, 219, 220, 247, 252, 253, 254, 255, 256, 261, 274, 275, 276, 278, 280, 282, 288, 290, 292, 293, 295, 296, 298, 299, 301, 302, 303, 304, 307, 318, 319, 321, 327, 328, 329], "excluded_lines": [], "start_line": 1}}}, "agent_factory/api/routes/referrals.py": {"executed_lines": [7, 8, 9, 11, 12, 14, 15, 17, 20, 22, 23, 24, 27, 29, 30, 31, 32, 33, 36, 38, 39, 40, 43, 44, 70, 71, 105, 106, 149, 150], "summary": {"covered_lines": 30, "num_statements": 57, "percent_covered": 52.63157894736842, "percent_covered_display": "53", "missing_lines": 27, "excluded_lines": 0, "percent_statements_covered": 52.63157894736842, "percent_statements_covered_display": "53"}, "missing_lines": [55, 58, 61, 63, 82, 85, 93, 102, 117, 120, 125, 126, 127, 129, 130, 131, 132, 133, 134, 135, 136, 138, 140, 160, 167, 176, 185], "excluded_lines": [], "functions": {"generate_referral_code": {"executed_lines": [], "summary": {"covered_lines": 0, "num_statements": 4, "percent_covered": 0.0, "percent_covered_display": "0", "missing_lines": 4, "excluded_lines": 0, "percent_statements_covered": 0.0, "percent_statements_covered_display": "0"}, "missing_lines": [55, 58, 61, 63], "excluded_lines": [], "start_line": 44}, "send_referral": {"executed_lines": [], "summary": {"covered_lines": 0, "num_statements": 4, "percent_covered": 0.0, "percent_covered_display": "0", "missing_lines": 4, "excluded_lines": 0, "percent_statements_covered": 0.0, "percent_statements_covered_display": "0"}, "missing_lines": [82, 85, 93, 102], "excluded_lines": [], "start_line": 71}, "get_referral_stats": {"executed_lines": [], "summary": {"covered_lines": 0, "num_statements": 15, "percent_covered": 0.0, "percent_covered_display": "0", "missing_lines": 15, "excluded_lines": 0, "percent_statements_covered": 0.0, "percent_statements_covered_display": "0"}, "missing_lines": [117, 120, 125, 126, 127, 129, 130, 131, 132, 133, 134, 135, 136, 138, 140], "excluded_lines": [], "start_line": 106}, "convert_referral": {"executed_lines": [], "summary": {"covered_lines": 0, "num_statements": 4, "percent_covered": 0.0, "percent_covered_display": "0", "missing_lines": 4, "excluded_lines": 0, "percent_statements_covered": 0.0, "percent_statements_covered_display": "0"}, "missing_lines": [160, 167, 176, 185], "excluded_lines": [], "start_line": 150}, "": {"executed_lines": [7, 8, 9, 11, 12, 14, 15, 17, 20, 22, 23, 24, 27, 29, 30, 31, 32, 33, 36, 38, 39, 40, 43, 44, 70, 71, 105, 106, 149, 150], "summary": {"covered_lines": 30, "num_statements": 30, "percent_covered": 100.0, "percent_covered_display": "100", "missing_lines": 0, "excluded_lines": 0, "percent_statements_covered": 100.0, "percent_statements_covered_display": "100"}, "missing_lines": [], "excluded_lines": [], "start_line": 1}}, "classes": {"ReferralCodeResponse": {"executed_lines": [], "summary": {"covered_lines": 0, "num_statements": 0, "percent_covered": 100.0, "percent_covered_display": "100", "missing_lines": 0, "excluded_lines": 0, "percent_statements_covered": 100.0, "percent_statements_covered_display": "100"}, "missing_lines": [], "excluded_lines": [], "start_line": 20}, "ReferralStatsResponse": {"executed_lines": [], "summary": {"covered_lines": 0, "num_statements": 0, "percent_covered": 100.0, "percent_covered_display": "100", "missing_lines": 0, "excluded_lines": 0, "percent_statements_covered": 100.0, "percent_statements_covered_display": "100"}, "missing_lines": [], "excluded_lines": [], "start_line": 27}, "SendReferralRequest": {"executed_lines": [], "summary": {"covered_lines": 0, "num_statements": 0, "percent_covered": 100.0, "percent_covered_display": "100", "missing_lines": 0, "excluded_lines": 0, "percent_statements_covered": 100.0, "percent_statements_covered_display": "100"}, "missing_lines": [], "excluded_lines": [], "start_line": 36}, "": {"executed_lines": [7, 8, 9, 11, 12, 14, 15, 17, 20, 22, 23, 24, 27, 29, 30, 31, 32, 33, 36, 38, 39, 40, 43, 44, 70, 71, 105, 106, 149, 150], "summary": {"covered_lines": 30, "num_statements": 57, "percent_covered": 52.63157894736842, "percent_covered_display": "53", "missing_lines": 27, "excluded_lines": 0, "percent_statements_covered": 52.63157894736842, "percent_statements_covered_display": "53"}, "missing_lines": [55, 58, 61, 63, 82, 85, 93, 102, 117, 120, 125, 126, 127, 129, 130, 131, 132, 133, 134, 135, 136, 138, 140, 160, 167, 176, 185], "excluded_lines": [], "start_line": 1}}}, "agent_factory/api/routes/research.py": {"executed_lines": [11, 12, 13, 15, 21, 22, 23, 24, 26, 29, 30, 87, 88, 145, 146, 208, 209], "summary": {"covered_lines": 17, "num_statements": 111, "percent_covered": 15.315315315315315, "percent_covered_display": "15", "missing_lines": 94, "excluded_lines": 0, "percent_statements_covered": 15.315315315315315, "percent_statements_covered_display": "15"}, "missing_lines": [44, 45, 46, 52, 53, 55, 56, 57, 58, 59, 60, 62, 67, 70, 71, 72, 77, 78, 79, 80, 81, 98, 99, 100, 106, 107, 108, 109, 110, 111, 112, 113, 115, 117, 120, 121, 122, 129, 130, 131, 132, 140, 142, 155, 156, 157, 163, 164, 165, 166, 167, 168, 169, 170, 172, 175, 176, 178, 186, 193, 194, 195, 196, 197, 198, 200, 205, 217, 218, 219, 225, 226, 227, 228, 229, 230, 231, 232, 234, 239, 242, 243, 244, 247, 248, 250, 251, 252, 260, 262, 269, 270, 271, 272], "excluded_lines": [], "functions": {"run_research": {"executed_lines": [], "summary": {"covered_lines": 0, "num_statements": 21, "percent_covered": 0.0, "percent_covered_display": "0", "missing_lines": 21, "excluded_lines": 0, "percent_statements_covered": 0.0, "percent_statements_covered_display": "0"}, "missing_lines": [44, 45, 46, 52, 53, 55, 56, 57, 58, 59, 60, 62, 67, 70, 71, 72, 77, 78, 79, 80, 81], "excluded_lines": [], "start_line": 30}, "list_reports": {"executed_lines": [], "summary": {"covered_lines": 0, "num_statements": 22, "percent_covered": 0.0, "percent_covered_display": "0", "missing_lines": 22, "excluded_lines": 0, "percent_statements_covered": 0.0, "percent_statements_covered_display": "0"}, "missing_lines": [98, 99, 100, 106, 107, 108, 109, 110, 111, 112, 113, 115, 117, 120, 121, 122, 129, 130, 131, 132, 140, 142], "excluded_lines": [], "start_line": 88}, "get_report": {"executed_lines": [], "summary": {"covered_lines": 0, "num_statements": 24, "percent_covered": 0.0, "percent_covered_display": "0", "missing_lines": 24, "excluded_lines": 0, "percent_statements_covered": 0.0, "percent_statements_covered_display": "0"}, "missing_lines": [155, 156, 157, 163, 164, 165, 166, 167, 168, 169, 170, 172, 175, 176, 178, 186, 193, 194, 195, 196, 197, 198, 200, 205], "excluded_lines": [], "start_line": 146}, "get_usage_info": {"executed_lines": [], "summary": {"covered_lines": 0, "num_statements": 27, "percent_covered": 0.0, "percent_covered_display": "0", "missing_lines": 27, "excluded_lines": 0, "percent_statements_covered": 0.0, "percent_statements_covered_display": "0"}, "missing_lines": [217, 218, 219, 225, 226, 227, 228, 229, 230, 231, 232, 234, 239, 242, 243, 244, 247, 248, 250, 251, 252, 260, 262, 269, 270, 271, 272], "excluded_lines": [], "start_line": 209}, "": {"executed_lines": [11, 12, 13, 15, 21, 22, 23, 24, 26, 29, 30, 87, 88, 145, 146, 208, 209], "summary": {"covered_lines": 17, "num_statements": 17, "percent_covered": 100.0, "percent_covered_display": "100", "missing_lines": 0, "excluded_lines": 0, "percent_statements_covered": 100.0, "percent_statements_covered_display": "100"}, "missing_lines": [], "excluded_lines": [], "start_line": 1}}, "classes": {"": {"executed_lines": [11, 12, 13, 15, 21, 22, 23, 24, 26, 29, 30, 87, 88, 145, 146, 208, 209], "summary": {"covered_lines": 17, "num_statements": 111, "percent_covered": 15.315315315315315, "percent_covered_display": "15", "missing_lines": 94, "excluded_lines": 0, "percent_statements_covered": 15.315315315315315, "percent_statements_covered_display": "15"}, "missing_lines": [44, 45, 46, 52, 53, 55, 56, 57, 58, 59, 60, 62, 67, 70, 71, 72, 77, 78, 79, 80, 81, 98, 99, 100, 106, 107, 108, 109, 110, 111, 112, 113, 115, 117, 120, 121, 122, 129, 130, 131, 132, 140, 142, 155, 156, 157, 163, 164, 165, 166, 167, 168, 169, 170, 172, 175, 176, 178, 186, 193, 194, 195, 196, 197, 198, 200, 205, 217, 218, 219, 225, 226, 227, 228, 229, 230, 231, 232, 234, 239, 242, 243, 244, 247, 248, 250, 251, 252, 260, 262, 269, 270, 271, 272], "excluded_lines": [], "start_line": 1}}}, "agent_factory/api/routes/scheduler.py": {"executed_lines": [3, 4, 5, 7, 8, 9, 11, 12, 15, 17, 18, 19, 22, 24, 25, 26, 29, 30, 53, 54, 77, 78, 83, 84, 92, 93], "summary": {"covered_lines": 26, "num_statements": 47, "percent_covered": 55.319148936170215, "percent_covered_display": "55", "missing_lines": 21, "excluded_lines": 0, "percent_statements_covered": 55.319148936170215, "percent_statements_covered_display": "55"}, "missing_lines": [35, 37, 38, 40, 41, 43, 50, 59, 61, 62, 64, 65, 67, 74, 80, 86, 88, 89, 95, 97, 98], "excluded_lines": [], "functions": {"schedule_agent": {"executed_lines": [], "summary": {"covered_lines": 0, "num_statements": 6, "percent_covered": 0.0, "percent_covered_display": "0", "missing_lines": 6, "excluded_lines": 0, "percent_statements_covered": 0.0, "percent_statements_covered_display": "0"}, "missing_lines": [35, 37, 38, 40, 43, 50], "excluded_lines": [], "start_line": 30}, "schedule_agent.run_func": {"executed_lines": [], "summary": {"covered_lines": 0, "num_statements": 1, "percent_covered": 0.0, "percent_covered_display": "0", "missing_lines": 1, "excluded_lines": 0, "percent_statements_covered": 0.0, "percent_statements_covered_display": "0"}, "missing_lines": [41], "excluded_lines": [], "start_line": 40}, "schedule_workflow": {"executed_lines": [], "summary": {"covered_lines": 0, "num_statements": 6, "percent_covered": 0.0, "percent_covered_display": "0", "missing_lines": 6, "excluded_lines": 0, "percent_statements_covered": 0.0, "percent_statements_covered_display": "0"}, "missing_lines": [59, 61, 62, 64, 67, 74], "excluded_lines": [], "start_line": 54}, "schedule_workflow.run_func": {"executed_lines": [], "summary": {"covered_lines": 0, "num_statements": 1, "percent_covered": 0.0, "percent_covered_display": "0", "missing_lines": 1, "excluded_lines": 0, "percent_statements_covered": 0.0, "percent_statements_covered_display": "0"}, "missing_lines": [65], "excluded_lines": [], "start_line": 64}, "list_scheduled_jobs": {"executed_lines": [], "summary": {"covered_lines": 0, "num_statements": 1, "percent_covered": 0.0, "percent_covered_display": "0", "missing_lines": 1, "excluded_lines": 0, "percent_statements_covered": 0.0, "percent_statements_covered_display": "0"}, "missing_lines": [80], "excluded_lines": [], "start_line": 78}, "start_scheduler": {"executed_lines": [], "summary": {"covered_lines": 0, "num_statements": 3, "percent_covered": 0.0, "percent_covered_display": "0", "missing_lines": 3, "excluded_lines": 0, "percent_statements_covered": 0.0, "percent_statements_covered_display": "0"}, "missing_lines": [86, 88, 89], "excluded_lines": [], "start_line": 84}, "stop_scheduler": {"executed_lines": [], "summary": {"covered_lines": 0, "num_statements": 3, "percent_covered": 0.0, "percent_covered_display": "0", "missing_lines": 3, "excluded_lines": 0, "percent_statements_covered": 0.0, "percent_statements_covered_display": "0"}, "missing_lines": [95, 97, 98], "excluded_lines": [], "start_line": 93}, "": {"executed_lines": [3, 4, 5, 7, 8, 9, 11, 12, 15, 17, 18, 19, 22, 24, 25, 26, 29, 30, 53, 54, 77, 78, 83, 84, 92, 93], "summary": {"covered_lines": 26, "num_statements": 26, "percent_covered": 100.0, "percent_covered_display": "100", "missing_lines": 0, "excluded_lines": 0, "percent_statements_covered": 100.0, "percent_statements_covered_display": "100"}, "missing_lines": [], "excluded_lines": [], "start_line": 1}}, "classes": {"ScheduleAgentRequest": {"executed_lines": [], "summary": {"covered_lines": 0, "num_statements": 0, "percent_covered": 100.0, "percent_covered_display": "100", "missing_lines": 0, "excluded_lines": 0, "percent_statements_covered": 100.0, "percent_statements_covered_display": "100"}, "missing_lines": [], "excluded_lines": [], "start_line": 15}, "ScheduleWorkflowRequest": {"executed_lines": [], "summary": {"covered_lines": 0, "num_statements": 0, "percent_covered": 100.0, "percent_covered_display": "100", "missing_lines": 0, "excluded_lines": 0, "percent_statements_covered": 100.0, "percent_statements_covered_display": "100"}, "missing_lines": [], "excluded_lines": [], "start_line": 22}, "": {"executed_lines": [3, 4, 5, 7, 8, 9, 11, 12, 15, 17, 18, 19, 22, 24, 25, 26, 29, 30, 53, 54, 77, 78, 83, 84, 92, 93], "summary": {"covered_lines": 26, "num_statements": 47, "percent_covered": 55.319148936170215, "percent_covered_display": "55", "missing_lines": 21, "excluded_lines": 0, "percent_statements_covered": 55.319148936170215, "percent_statements_covered_display": "55"}, "missing_lines": [35, 37, 38, 40, 41, 43, 50, 59, 61, 62, 64, 65, 67, 74, 80, 86, 88, 89, 95, 97, 98], "excluded_lines": [], "start_line": 1}}}, "agent_factory/api/routes/telemetry.py": {"executed_lines": [3, 4, 5, 6, 8, 9, 10, 12, 15, 16, 76, 77, 138, 139], "summary": {"covered_lines": 14, "num_statements": 79, "percent_covered": 17.72151898734177, "percent_covered_display": "18", "missing_lines": 65, "excluded_lines": 0, "percent_statements_covered": 17.72151898734177, "percent_statements_covered_display": "18"}, "missing_lines": [35, 36, 37, 40, 41, 44, 45, 47, 48, 49, 50, 51, 53, 54, 55, 56, 57, 59, 61, 62, 68, 73, 96, 97, 98, 101, 104, 105, 106, 108, 109, 110, 113, 114, 116, 117, 118, 119, 120, 122, 123, 124, 125, 126, 128, 129, 135, 156, 157, 158, 161, 162, 164, 165, 166, 167, 168, 170, 171, 172, 173, 174, 176, 177, 182], "excluded_lines": [], "functions": {"get_metrics": {"executed_lines": [], "summary": {"covered_lines": 0, "num_statements": 22, "percent_covered": 0.0, "percent_covered_display": "0", "missing_lines": 22, "excluded_lines": 0, "percent_statements_covered": 0.0, "percent_statements_covered_display": "0"}, "missing_lines": [35, 36, 37, 40, 41, 44, 45, 47, 48, 49, 50, 51, 53, 54, 55, 56, 57, 59, 61, 62, 68, 73], "excluded_lines": [], "start_line": 16}, "get_tenant_metrics": {"executed_lines": [], "summary": {"covered_lines": 0, "num_statements": 25, "percent_covered": 0.0, "percent_covered_display": "0", "missing_lines": 25, "excluded_lines": 0, "percent_statements_covered": 0.0, "percent_statements_covered_display": "0"}, "missing_lines": [96, 97, 98, 101, 104, 105, 106, 108, 109, 110, 113, 114, 116, 117, 118, 119, 120, 122, 123, 124, 125, 126, 128, 129, 135], "excluded_lines": [], "start_line": 77}, "get_conversion_funnel": {"executed_lines": [], "summary": {"covered_lines": 0, "num_statements": 18, "percent_covered": 0.0, "percent_covered_display": "0", "missing_lines": 18, "excluded_lines": 0, "percent_statements_covered": 0.0, "percent_statements_covered_display": "0"}, "missing_lines": [156, 157, 158, 161, 162, 164, 165, 166, 167, 168, 170, 171, 172, 173, 174, 176, 177, 182], "excluded_lines": [], "start_line": 139}, "": {"executed_lines": [3, 4, 5, 6, 8, 9, 10, 12, 15, 16, 76, 77, 138, 139], "summary": {"covered_lines": 14, "num_statements": 14, "percent_covered": 100.0, "percent_covered_display": "100", "missing_lines": 0, "excluded_lines": 0, "percent_statements_covered": 100.0, "percent_statements_covered_display": "100"}, "missing_lines": [], "excluded_lines": [], "start_line": 1}}, "classes": {"": {"executed_lines": [3, 4, 5, 6, 8, 9, 10, 12, 15, 16, 76, 77, 138, 139], "summary": {"covered_lines": 14, "num_statements": 79, "percent_covered": 17.72151898734177, "percent_covered_display": "18", "missing_lines": 65, "excluded_lines": 0, "percent_statements_covered": 17.72151898734177, "percent_statements_covered_display": "18"}, "missing_lines": [35, 36, 37, 40, 41, 44, 45, 47, 48, 49, 50, 51, 53, 54, 55, 56, 57, 59, 61, 62, 68, 73, 96, 97, 98, 101, 104, 105, 106, 108, 109, 110, 113, 114, 116, 117, 118, 119, 120, 122, 123, 124, 125, 126, 128, 129, 135, 156, 157, 158, 161, 162, 164, 165, 166, 167, 168, 170, 171, 172, 173, 174, 176, 177, 182], "excluded_lines": [], "start_line": 1}}}, "agent_factory/api/routes/tools.py": {"executed_lines": [3, 4, 5, 7, 8, 9, 10, 12, 13, 16, 18, 19, 20, 21, 22, 25, 27, 28, 29, 32, 34, 37, 38, 117, 118, 120, 123, 124, 126, 128, 129, 131, 134, 135, 164, 165, 180, 181, 183, 185, 188, 191, 192, 194, 196, 199, 200, 201], "summary": {"covered_lines": 48, "num_statements": 109, "percent_covered": 44.03669724770642, "percent_covered_display": "44", "missing_lines": 61, "excluded_lines": 0, "percent_statements_covered": 44.03669724770642, "percent_statements_covered_display": "44"}, "missing_lines": [44, 47, 48, 49, 52, 54, 56, 59, 60, 63, 64, 65, 66, 67, 68, 69, 72, 73, 74, 75, 77, 78, 79, 80, 86, 87, 91, 93, 100, 101, 102, 112, 114, 141, 143, 144, 145, 148, 149, 150, 151, 152, 153, 154, 155, 156, 157, 159, 161, 170, 172, 173, 174, 176, 177, 186, 197, 202, 203, 204, 205], "excluded_lines": [], "functions": {"create_tool": {"executed_lines": [], "summary": {"covered_lines": 0, "num_statements": 33, "percent_covered": 0.0, "percent_covered_display": "0", "missing_lines": 33, "excluded_lines": 0, "percent_statements_covered": 0.0, "percent_statements_covered_display": "0"}, "missing_lines": [44, 47, 48, 49, 52, 54, 56, 59, 60, 63, 64, 65, 66, 67, 68, 69, 72, 73, 74, 75, 77, 78, 79, 80, 86, 87, 91, 93, 100, 101, 102, 112, 114], "excluded_lines": [], "start_line": 38}, "list_tools": {"executed_lines": [120], "summary": {"covered_lines": 1, "num_statements": 1, "percent_covered": 100.0, "percent_covered_display": "100", "missing_lines": 0, "excluded_lines": 0, "percent_statements_covered": 100.0, "percent_statements_covered_display": "100"}, "missing_lines": [], "excluded_lines": [], "start_line": 118}, "get_tool": {"executed_lines": [126, 128, 129, 131], "summary": {"covered_lines": 4, "num_statements": 4, "percent_covered": 100.0, "percent_covered_display": "100", "missing_lines": 0, "excluded_lines": 0, "percent_statements_covered": 100.0, "percent_statements_covered_display": "100"}, "missing_lines": [], "excluded_lines": [], "start_line": 124}, "update_tool": {"executed_lines": [], "summary": {"covered_lines": 0, "num_statements": 16, "percent_covered": 0.0, "percent_covered_display": "0", "missing_lines": 16, "excluded_lines": 0, "percent_statements_covered": 0.0, "percent_statements_covered_display": "0"}, "missing_lines": [141, 143, 144, 145, 148, 149, 150, 151, 152, 153, 154, 155, 156, 157, 159, 161], "excluded_lines": [], "start_line": 135}, "delete_tool": {"executed_lines": [], "summary": {"covered_lines": 0, "num_statements": 6, "percent_covered": 0.0, "percent_covered_display": "0", "missing_lines": 6, "excluded_lines": 0, "percent_statements_covered": 0.0, "percent_statements_covered_display": "0"}, "missing_lines": [170, 172, 173, 174, 176, 177], "excluded_lines": [], "start_line": 165}, "get_tool_schema": {"executed_lines": [183, 185, 188], "summary": {"covered_lines": 3, "num_statements": 4, "percent_covered": 75.0, "percent_covered_display": "75", "missing_lines": 1, "excluded_lines": 0, "percent_statements_covered": 75.0, "percent_statements_covered_display": "75"}, "missing_lines": [186], "excluded_lines": [], "start_line": 181}, "test_tool": {"executed_lines": [194, 196, 199, 200, 201], "summary": {"covered_lines": 5, "num_statements": 10, "percent_covered": 50.0, "percent_covered_display": "50", "missing_lines": 5, "excluded_lines": 0, "percent_statements_covered": 50.0, "percent_statements_covered_display": "50"}, "missing_lines": [197, 202, 203, 204, 205], "excluded_lines": [], "start_line": 192}, "": {"executed_lines": [3, 4, 5, 7, 8, 9, 10, 12, 13, 16, 18, 19, 20, 21, 22, 25, 27, 28, 29, 32, 34, 37, 38, 117, 118, 123, 124, 134, 135, 164, 165, 180, 181, 191, 192], "summary": {"covered_lines": 35, "num_statements": 35, "percent_covered": 100.0, "percent_covered_display": "100", "missing_lines": 0, "excluded_lines": 0, "percent_statements_covered": 100.0, "percent_statements_covered_display": "100"}, "missing_lines": [], "excluded_lines": [], "start_line": 1}}, "classes": {"ToolCreate": {"executed_lines": [], "summary": {"covered_lines": 0, "num_statements": 0, "percent_covered": 100.0, "percent_covered_display": "100", "missing_lines": 0, "excluded_lines": 0, "percent_statements_covered": 100.0, "percent_statements_covered_display": "100"}, "missing_lines": [], "excluded_lines": [], "start_line": 16}, "ToolUpdate": {"executed_lines": [], "summary": {"covered_lines": 0, "num_statements": 0, "percent_covered": 100.0, "percent_covered_display": "100", "missing_lines": 0, "excluded_lines": 0, "percent_statements_covered": 100.0, "percent_statements_covered_display": "100"}, "missing_lines": [], "excluded_lines": [], "start_line": 25}, "ToolTestParams": {"executed_lines": [], "summary": {"covered_lines": 0, "num_statements": 0, "percent_covered": 100.0, "percent_covered_display": "100", "missing_lines": 0, "excluded_lines": 0, "percent_statements_covered": 100.0, "percent_statements_covered_display": "100"}, "missing_lines": [], "excluded_lines": [], "start_line": 32}, "": {"executed_lines": [3, 4, 5, 7, 8, 9, 10, 12, 13, 16, 18, 19, 20, 21, 22, 25, 27, 28, 29, 32, 34,
[...]
, "start_line": 94}, "export_all": {"executed_lines": [], "summary": {"covered_lines": 0, "num_statements": 12, "percent_covered": 0.0, "percent_covered_display": "0", "missing_lines": 12, "excluded_lines": 0, "percent_statements_covered": 0.0, "percent_statements_covered_display": "0"}, "missing_lines": [156, 158, 167, 168, 169, 172, 173, 174, 177, 178, 179, 182], "excluded_lines": [], "start_line": 136}, "import_agent": {"executed_lines": [], "summary": {"covered_lines": 0, "num_statements": 1, "percent_covered": 0.0, "percent_covered_display": "0", "missing_lines": 1, "excluded_lines": 0, "percent_statements_covered": 0.0, "percent_statements_covered_display": "0"}, "missing_lines": [201], "excluded_lines": [], "start_line": 185}, "import_blueprint": {"executed_lines": [], "summary": {"covered_lines": 0, "num_statements": 7, "percent_covered": 0.0, "percent_covered_display": "0", "missing_lines": 7, "excluded_lines": 0, "percent_statements_covered": 0.0, "percent_statements_covered_display": "0"}, "missing_lines": [216, 217, 219, 221, 222, 225, 229], "excluded_lines": [], "start_line": 204}, "": {"executed_lines": [], "summary": {"covered_lines": 0, "num_statements": 13, "percent_covered": 0.0, "percent_covered_display": "0", "missing_lines": 13, "excluded_lines": 0, "percent_statements_covered": 0.0, "percent_statements_covered_display": "0"}, "missing_lines": [7, 8, 9, 10, 11, 13, 14, 17, 61, 94, 136, 185, 204], "excluded_lines": [], "start_line": 1}}, "classes": {"": {"executed_lines": [], "summary": {"covered_lines": 0, "num_statements": 64, "percent_covered": 0.0, "percent_covered_display": "0", "missing_lines": 64, "excluded_lines": 0, "percent_statements_covered": 0.0, "percent_statements_covered_display": "0"}, "missing_lines": [7, 8, 9, 10, 11, 13, 14, 17, 36, 37, 39, 42, 51, 52, 53, 55, 56, 58, 61, 75, 76, 78, 81, 82, 85, 86, 87, 89, 90, 91, 94, 110, 111, 113, 117, 126, 127, 128, 130, 131, 133, 136, 156, 158, 167, 168, 169, 172, 173, 174, 177, 178, 179, 182, 185, 201, 204, 216, 217, 219, 221, 222, 225, 229], "excluded_lines": [], "start_line": 1}}}, "agent_factory/utils/safe_evaluator.py": {"executed_lines": [7, 8, 9, 12, 32, 48, 62, 70, 84, 89, 96, 97, 98, 100, 114, 115, 118, 119, 120, 121, 124, 125, 127, 129, 130, 132, 135, 138, 141, 143, 144, 146, 147, 148, 150, 151, 152, 153, 154, 156, 157, 161, 162, 163, 164, 166, 168, 169, 170, 171, 172, 173, 174, 176, 177, 178, 179, 180, 182, 183, 184, 185, 186, 187, 191, 192, 193, 194, 195, 197, 200, 204, 207, 208, 209, 214, 215, 219, 220, 222, 223, 228, 229, 247, 250, 264], "summary": {"covered_lines": 86, "num_statements": 113, "percent_covered": 76.10619469026548, "percent_covered_display": "76", "missing_lines": 27, "excluded_lines": 0, "percent_statements_covered": 76.10619469026548, "percent_statements_covered_display": "76"}, "missing_lines": [133, 136, 139, 155, 158, 159, 165, 175, 189, 198, 202, 205, 210, 211, 212, 216, 217, 231, 232, 233, 234, 236, 237, 238, 239, 240, 243], "excluded_lines": [], "functions": {"SafeEvaluator.__init__": {"executed_lines": [96, 97, 98], "summary": {"covered_lines": 3, "num_statements": 3, "percent_covered": 100.0, "percent_covered_display": "100", "missing_lines": 0, "excluded_lines": 0, "percent_statements_covered": 100.0, "percent_statements_covered_display": "100"}, "missing_lines": [], "excluded_lines": [], "start_line": 89}, "SafeEvaluator.evaluate": {"executed_lines": [114, 115, 118, 119, 120, 121, 124, 125], "summary": {"covered_lines": 8, "num_statements": 8, "percent_covered": 100.0, "percent_covered_display": "100", "missing_lines": 0, "excluded_lines": 0, "percent_statements_covered": 100.0, "percent_statements_covered_display": "100"}, "missing_lines": [], "excluded_lines": [], "start_line": 100}, "SafeEvaluator._eval_node": {"executed_lines": [129, 130, 132, 135, 138, 141, 143, 144, 146, 147, 148, 150, 151, 152, 153, 154, 156, 157, 161, 162, 163, 164, 166, 168, 169, 170, 171, 172, 173, 174, 176, 177, 178, 179, 180, 182, 183, 184, 185, 186, 187, 191, 192, 193, 194, 195, 197, 200, 204, 207, 208, 209, 214, 215, 219, 220, 222, 223, 228, 229], "summary": {"covered_lines": 60, "num_statements": 87, "percent_covered": 68.96551724137932, "percent_covered_display": "69", "missing_lines": 27, "excluded_lines": 0, "percent_statements_covered": 68.96551724137932, "percent_statements_covered_display": "69"}, "missing_lines": [133, 136, 139, 155, 158, 159, 165, 175, 189, 198, 202, 205, 210, 211, 212, 216, 217, 231, 232, 233, 234, 236, 237, 238, 239, 240, 243], "excluded_lines": [], "start_line": 127}, "safe_evaluate": {"executed_lines": [264], "summary": {"covered_lines": 1, "num_statements": 1, "percent_covered": 100.0, "percent_covered_display": "100", "missing_lines": 0, "excluded_lines": 0, "percent_statements_covered": 100.0, "percent_statements_covered_display": "100"}, "missing_lines": [], "excluded_lines": [], "start_line": 250}, "": {"executed_lines": [7, 8, 9, 12, 32, 48, 62, 70, 84, 89, 100, 127, 247, 250], "summary": {"covered_lines": 14, "num_statements": 14, "percent_covered": 100.0, "percent_covered_display": "100", "missing_lines": 0, "excluded_lines": 0, "percent_statements_covered": 100.0, "percent_statements_covered_display": "100"}, "missing_lines": [], "excluded_lines": [], "start_line": 1}}, "classes": {"SafeEvaluator": {"executed_lines": [96, 97, 98, 114, 115, 118, 119, 120, 121, 124, 125, 129, 130, 132, 135, 138, 141, 143, 144, 146, 147, 148, 150, 151, 152, 153, 154, 156, 157, 161, 162, 163, 164, 166, 168, 169, 170, 171, 172, 173, 174, 176, 177, 178, 179, 180, 182, 183, 184, 185, 186, 187, 191, 192, 193, 194, 195, 197, 200, 204, 207, 208, 209, 214, 215, 219, 220, 222, 223, 228, 229], "summary": {"covered_lines": 71, "num_statements": 98, "percent_covered": 72.44897959183673, "percent_covered_display": "72", "missing_lines": 27, "excluded_lines": 0, "percent_statements_covered": 72.44897959183673, "percent_statements_covered_display": "72"}, "missing_lines": [133, 136, 139, 155, 158, 159, 165, 175, 189, 198, 202, 205, 210, 211, 212, 216, 217, 231, 232, 233, 234, 236, 237, 238, 239, 240, 243], "excluded_lines": [], "start_line": 12}, "": {"executed_lines": [7, 8, 9, 12, 32, 48, 62, 70, 84, 89, 100, 127, 247, 250, 264], "summary": {"covered_lines": 15, "num_statements": 15, "percent_covered": 100.0, "percent_covered_display": "100", "missing_lines": 0, "excluded_lines": 0, "percent_statements_covered": 100.0, "percent_statements_covered_display": "100"}, "missing_lines": [], "excluded_lines": [], "start_line": 1}}}, "agent_factory/workflows/__init__.py": {"executed_lines": [5, 13, 15], "summary": {"covered_lines": 3, "num_statements": 3, "percent_covered": 100.0, "percent_covered_display": "100", "missing_lines": 0, "excluded_lines": 0, "percent_statements_covered": 100.0, "percent_statements_covered_display": "100"}, "missing_lines": [], "excluded_lines": [], "functions": {"": {"executed_lines": [5, 13, 15], "summary": {"covered_lines": 3, "num_statements": 3, "percent_covered": 100.0, "percent_covered_display": "100", "missing_lines": 0, "excluded_lines": 0, "percent_statements_covered": 100.0, "percent_statements_covered_display": "100"}, "missing_lines": [], "excluded_lines": [], "start_line": 1}}, "classes": {"": {"executed_lines": [5, 13, 15], "summary": {"covered_lines": 3, "num_statements": 3, "percent_covered": 100.0, "percent_covered_display": "100", "missing_lines": 0, "excluded_lines": 0, "percent_statements_covered": 100.0, "percent_statements_covered_display": "100"}, "missing_lines": [], "excluded_lines": [], "start_line": 1}}}, "agent_factory/workflows/model.py": {"executed_lines": [5, 6, 7, 10, 12, 13, 14, 15, 18, 19, 21, 22, 25, 26, 28, 29, 30, 33, 34, 36, 37, 38, 39, 40, 41, 42, 45, 46, 48, 49, 50, 51, 52, 53, 56, 72, 92, 93, 94, 95, 96, 97, 99, 101, 103, 105, 107, 122, 123, 125, 126, 127, 130, 131, 138, 140, 145, 146, 147, 153, 156, 158, 166, 167, 168, 170, 173, 178, 180, 194, 196, 197, 206, 208, 210, 211, 216, 218, 233, 332], "summary": {"covered_lines": 80, "num_statements": 176, "percent_covered": 45.45454545454545, "percent_covered_display": "45", "missing_lines": 96, "excluded_lines": 0, "percent_statements_covered": 45.45454545454545, "percent_statements_covered_display": "45"}, "missing_lines": [132, 133, 134, 135, 141, 142, 159, 174, 175, 176, 187, 188, 199, 200, 201, 202, 204, 213, 214, 220, 221, 222, 223, 224, 225, 226, 228, 229, 231, 235, 236, 238, 240, 255, 257, 258, 259, 260, 261, 262, 263, 264, 266, 267, 268, 269, 270, 271, 272, 273, 274, 275, 276, 277, 278, 279, 280, 281, 282, 283, 284, 285, 286, 287, 288, 289, 290, 291, 293, 295, 297, 300, 301, 304, 305, 306, 307, 308, 309, 310, 311, 312, 313, 314, 315, 317, 318, 319, 320, 322, 324, 326, 327, 328, 330, 334], "excluded_lines": [], "functions": {"Workflow.__init__": {"executed_lines": [92, 93, 94, 95, 96, 97], "summary": {"covered_lines": 6, "num_statements": 6, "percent_covered": 100.0, "percent_covered_display": "100", "missing_lines": 0, "excluded_lines": 0, "percent_statements_covered": 100.0, "percent_statements_covered_display": "100"}, "missing_lines": [], "excluded_lines": [], "start_line": 72}, "Workflow.add_step": {"executed_lines": [101], "summary": {"covered_lines": 1, "num_statements": 1, "percent_covered": 100.0, "percent_covered_display": "100", "missing_lines": 0, "excluded_lines": 0, "percent_statements_covered": 100.0, "percent_statements_covered_display": "100"}, "missing_lines": [], "excluded_lines": [], "start_line": 99}, "Workflow.add_trigger": {"executed_lines": [105], "summary": {"covered_lines": 1, "num_statements": 1, "percent_covered": 100.0, "percent_covered_display": "100", "missing_lines": 0, "excluded_lines": 0, "percent_statements_covered": 100.0, "percent_statements_covered_display": "100"}, "missing_lines": [], "excluded_lines": [], "start_line": 103}, "Workflow.execute": {"executed_lines": [122, 123, 125, 126, 127, 130, 131, 138, 140, 145, 146, 147, 153, 156, 158, 166, 167, 168, 170, 173, 178, 180], "summary": {"covered_lines": 22, "num_statements": 34, "percent_covered": 64.70588235294117, "percent_covered_display": "65", "missing_lines": 12, "excluded_lines": 0, "percent_statements_covered": 64.70588235294117, "percent_statements_covered_display": "65"}, "missing_lines": [132, 133, 134, 135, 141, 142, 159, 174, 175, 176, 187, 188], "excluded_lines": [], "start_line": 107}, "Workflow._map_inputs": {"executed_lines": [196, 197], "summary": {"covered_lines": 2, "num_statements": 7, "percent_covered": 28.571428571428573, "percent_covered_display": "29", "missing_lines": 5, "excluded_lines": 0, "percent_statements_covered": 28.571428571428573, "percent_statements_covered_display": "29"}, "missing_lines": [199, 200, 201, 202, 204], "excluded_lines": [], "start_line": 194}, "Workflow._map_outputs": {"executed_lines": [208, 210, 211, 216], "summary": {"covered_lines": 4, "num_statements": 6, "percent_covered": 66.66666666666667, "percent_covered_display": "67", "missing_lines": 2, "excluded_lines": 0, "percent_statements_covered": 66.66666666666667, "percent_statements_covered_display": "67"}, "missing_lines": [213, 214], "excluded_lines": [], "start_line": 206}, "Workflow._resolve_path": {"executed_lines": [], "summary": {"covered_lines": 0, "num_statements": 10, "percent_covered": 0.0, "percent_covered_display": "0", "missing_lines": 10, "excluded_lines": 0, "percent_statements_covered": 0.0, "percent_statements_covered_display": "0"}, "missing_lines": [220, 221, 222, 223, 224, 225, 226, 228, 229, 231], "excluded_lines": [], "start_line": 218}, "Workflow._evaluate_condition": {"executed_lines": [], "summary": {"covered_lines": 0, "num_statements": 17, "percent_covered": 0.0, "percent_covered_display": "0", "missing_lines": 17, "excluded_lines": 0, "percent_statements_covered": 0.0, "percent_statements_covered_display": "0"}, "missing_lines": [235, 236, 238, 240, 255, 295, 297, 300, 301, 304, 305, 306, 324, 326, 327, 328, 330], "excluded_lines": [], "start_line": 233}, "Workflow._evaluate_condition.eval_node": {"executed_lines": [], "summary": {"covered_lines": 0, "num_statements": 35, "percent_covered": 0.0, "percent_covered_display": "0", "missing_lines": 35, "excluded_lines": 0, "percent_statements_covered": 0.0, "percent_statements_covered_display": "0"}, "missing_lines": [257, 258, 259, 260, 261, 262, 263, 264, 266, 267, 268, 269, 270, 271, 272, 273, 274, 275, 276, 277, 278, 279, 280, 281, 282, 283, 284, 285, 286, 287, 288, 289, 290, 291, 293], "excluded_lines": [], "start_line": 255}, "Workflow._evaluate_condition.replace_match": {"executed_lines": [], "summary": {"covered_lines": 0, "num_statements": 14, "percent_covered": 0.0, "percent_covered_display": "0", "missing_lines": 14, "excluded_lines": 0, "percent_statements_covered": 0.0, "percent_statements_covered_display": "0"}, "missing_lines": [307, 308, 309, 310, 311, 312, 313, 314, 315, 317, 318, 319, 320, 322], "excluded_lines": [], "start_line": 306}, "Workflow.to_dict": {"executed_lines": [], "summary": {"covered_lines": 0, "num_statements": 1, "percent_covered": 0.0, "percent_covered_display": "0", "missing_lines": 1, "excluded_lines": 0, "percent_statements_covered": 0.0, "percent_statements_covered_display": "0"}, "missing_lines": [334], "excluded_lines": [], "start_line": 332}, "": {"executed_lines": [5, 6, 7, 10, 12, 13, 14, 15, 18, 19, 21, 22, 25, 26, 28, 29, 30, 33, 34, 36, 37, 38, 39, 40, 41, 42, 45, 46, 48, 49, 50, 51, 52, 53, 56, 72, 99, 103, 107, 194, 206, 218, 233, 332], "summary": {"covered_lines": 44, "num_statements": 44, "percent_covered": 100.0, "percent_covered_display": "100", "missing_lines": 0, "excluded_lines": 0, "percent_statements_covered": 100.0, "percent_statements_covered_display": "100"}, "missing_lines": [], "excluded_lines": [], "start_line": 1}}, "classes": {"TriggerType": {"executed_lines": [], "summary": {"covered_lines": 0, "num_statements": 0, "percent_covered": 100.0, "percent_covered_display": "100", "missing_lines": 0, "excluded_lines": 0, "percent_statements_covered": 100.0, "percent_statements_covered_display": "100"}, "missing_lines": [], "excluded_lines": [], "start_line": 10}, "Condition": {"executed_lines": [], "summary": {"covered_lines": 0, "num_statements": 0, "percent_covered": 100.0, "percent_covered_display": "100", "missing_lines": 0, "excluded_lines": 0, "percent_statements_covered": 100.0, "percent_statements_covered_display": "100"}, "missing_lines": [], "excluded_lines": [], "start_line": 19}, "Trigger": {"executed_lines": [], "summary": {"covered_lines": 0, "num_statements": 0, "percent_covered": 100.0, "percent_covered_display": "100", "missing_lines": 0, "excluded_lines": 0, "percent_statements_covered": 100.0, "percent_statements_covered_display": "100"}, "missing_lines": [], "excluded_lines": [], "start_line": 26}, "WorkflowStep": {"executed_lines": [], "summary": {"covered_lines": 0, "num_statements": 0, "percent_covered": 100.0, "percent_covered_display": "100", "missing_lines": 0, "excluded_lines": 0, "percent_statements_covered": 100.0, "percent_statements_covered_display": "100"}, "missing_lines": [], "excluded_lines": [], "start_line": 34}, "WorkflowResult": {"executed_lines": [], "summary": {"covered_lines": 0, "num_statements": 0, "percent_covered": 100.0, "percent_covered_display": "100", "missing_lines": 0, "excluded_lines": 0, "percent_statements_covered": 100.0, "percent_statements_covered_display": "100"}, "missing_lines": [], "excluded_lines": [], "start_line": 46}, "Workflow": {"executed_lines": [92, 93, 94, 95, 96, 97, 101, 105, 122, 123, 125, 126, 127, 130, 131, 138, 140, 145, 146, 147, 153, 156, 158, 166, 167, 168, 170, 173, 178, 180, 196, 197, 208, 210, 211, 216], "summary": {"covered_lines": 36, "num_statements": 132, "percent_covered": 27.272727272727273, "percent_covered_display": "27", "missing_lines": 96, "excluded_lines": 0, "percent_statements_covered": 27.272727272727273, "percent_statements_covered_display": "27"}, "missing_lines": [132, 133, 134, 135, 141, 142, 159, 174, 175, 176, 187, 188, 199, 200, 201, 202, 204, 213, 214, 220, 221, 222, 223, 224, 225, 226, 228, 229, 231, 235, 236, 238, 240, 255, 257, 258, 259, 260, 261, 262, 263, 264, 266, 267, 268, 269, 270, 271, 272, 273, 274, 275, 276, 277, 278, 279, 280, 281, 282, 283, 284, 285, 286, 287, 288, 289, 290, 291, 293, 295, 297, 300, 301, 304, 305, 306, 307, 308, 309, 310, 311, 312, 313, 314, 315, 317, 318, 319, 320, 322, 324, 326, 327, 328, 330, 334], "excluded_lines": [], "start_line": 56}, "": {"executed_lines": [5, 6, 7, 10, 12, 13, 14, 15, 18, 19, 21, 22, 25, 26, 28, 29, 30, 33, 34, 36, 37, 38, 39, 40, 41, 42, 45, 46, 48, 49, 50, 51, 52, 53, 56, 72, 99, 103, 107, 194, 206, 218, 233, 332], "summary": {"covered_lines": 44, "num_statements": 44, "percent_covered": 100.0, "percent_covered_display": "100", "missing_lines": 0, "excluded_lines": 0, "percent_statements_covered": 100.0, "percent_statements_covered_display": "100"}, "missing_lines": [], "excluded_lines": [], "start_line": 1}}}, "agent_factory/workflows/visualizer.py": {"executed_lines": [5, 6, 8, 11, 21, 24, 27, 28, 29, 30, 33, 36, 37, 39, 40, 42, 44, 47, 57, 58, 59, 62, 63, 64, 65, 68, 69, 70, 71, 73, 76, 78, 79, 82, 98, 99, 100, 107, 108, 109, 110, 111, 113], "summary": {"covered_lines": 43, "num_statements": 48, "percent_covered": 89.58333333333333, "percent_covered_display": "90", "missing_lines": 5, "excluded_lines": 0, "percent_statements_covered": 89.58333333333333, "percent_statements_covered_display": "90"}, "missing_lines": [74, 101, 102, 103, 105], "excluded_lines": [], "functions": {"to_mermaid": {"executed_lines": [21, 24, 27, 28, 29, 30, 33, 36, 37, 39, 40, 42, 44], "summary": {"covered_lines": 13, "num_statements": 13, "percent_covered": 100.0, "percent_covered_display": "100", "missing_lines": 0, "excluded_lines": 0, "percent_statements_covered": 100.0, "percent_statements_covered_display": "100"}, "missing_lines": [], "excluded_lines": [], "start_line": 11}, "to_graphviz": {"executed_lines": [57, 58, 59, 62, 63, 64, 65, 68, 69, 70, 71, 73, 76, 78, 79], "summary": {"covered_lines": 15, "num_statements": 16, "percent_covered": 93.75, "percent_covered_display": "94", "missing_lines": 1, "excluded_lines": 0, "percent_statements_covered": 93.75, "percent_statements_covered_display": "94"}, "missing_lines": [74], "excluded_lines": [], "start_line": 47}, "visualize": {"executed_lines": [98, 99, 100, 107, 108, 109, 110, 111, 113], "summary": {"covered_lines": 9, "num_statements": 13, "percent_covered": 69.23076923076923, "percent_covered_display": "69", "missing_lines": 4, "excluded_lines": 0, "percent_statements_covered": 69.23076923076923, "percent_statements_covered_display": "69"}, "missing_lines": [101, 102, 103, 105], "excluded_lines": [], "start_line": 82}, "": {"executed_lines": [5, 6, 8, 11, 47, 82], "summary": {"covered_lines": 6, "num_statements": 6, "percent_covered": 100.0, "percent_covered_display": "100", "missing_lines": 0, "excluded_lines": 0, "percent_statements_covered": 100.0, "percent_statements_covered_display": "100"}, "missing_lines": [], "excluded_lines": [], "start_line": 1}}, "classes": {"": {"executed_lines": [5, 6, 8, 11, 21, 24, 27, 28, 29, 30, 33, 36, 37, 39, 40, 42, 44, 47, 57, 58, 59, 62, 63, 64, 65, 68, 69, 70, 71, 73, 76, 78, 79, 82, 98, 99, 100, 107, 108, 109, 110, 111, 113], "summary": {"covered_lines": 43, "num_statements": 48, "percent_covered": 89.58333333333333, "percent_covered_display": "90", "missing_lines": 5, "excluded_lines": 0, "percent_statements_covered": 89.58333333333333, "percent_statements_covered_display": "90"}, "missing_lines": [74, 101, 102, 103, 105], "excluded_lines": [], "start_line": 1}}}}, "totals": {"covered_lines": 4996, "num_statements": 11303, "percent_covered": 44.20065469344422, "percent_covered_display": "44", "missing_lines": 6307, "excluded_lines": 4, "percent_statements_covered": 44.20065469344422, "percent_statements_covered_display": "44"}}